#
# There is insufficient memory for the Java Runtime Environment to continue.
# Native memory allocation (mmap) failed to map 536870912 bytes for G1 virtual space
# Possible reasons:
#   The system is out of physical RAM or swap space
#   The process is running with CompressedOops enabled, and the Java Heap may be blocking the growth of the native heap
# Possible solutions:
#   Reduce memory load on the system
#   Increase physical memory or swap space
#   Check if swap backing store is full
#   Decrease Java heap size (-Xmx/-Xms)
#   Decrease number of Java threads
#   Decrease Java thread stack sizes (-Xss)
#   Set larger code cache with -XX:ReservedCodeCacheSize=
#   JVM is running with Zero Based Compressed Oops mode in which the Java heap is
#     placed in the first 32GB address space. The Java Heap base address is the
#     maximum limit for the native heap growth. Please use -XX:HeapBaseMinAddress
#     to set the Java Heap base and to place the Java Heap above 32GB virtual address.
# This output file may be truncated or incomplete.
#
#  Out of Memory Error (os_windows.cpp:3769), pid=33580, tid=5028
#
# JRE version:  (17.0.6+10) (build )
# Java VM: OpenJDK 64-Bit Server VM (17.0.6+10-b829.9, mixed mode, sharing, tiered, compressed oops, compressed class ptrs, g1 gc, windows-amd64)
# No core dump will be written. Minidumps are not enabled by default on client versions of Windows
#

---------------  S U M M A R Y ------------

Command Line: -javaagent:D:\新建文件夹\IntelliJ IDEA Community Edition 2023.1.1\lib\idea_rt.jar=55733:D:\新建文件夹\IntelliJ IDEA Community Edition 2023.1.1\bin -Dfile.encoding=UTF-8 com.hysea.Main

Host: Intel(R) Core(TM) i7-10700 CPU @ 2.90GHz, 16 cores, 31G,  Windows 10 , 64 bit Build 19041 (10.0.19041.292)
Time: Thu Oct 17 15:38:43 2024  Windows 10 , 64 bit Build 19041 (10.0.19041.292) elapsed time: 0.024776 seconds (0d 0h 0m 0s)

---------------  T H R E A D  ---------------

Current thread (0x000001b308707c30):  JavaThread "Unknown thread" [_thread_in_vm, id=5028, stack(0x000000496b500000,0x000000496b600000)]

Stack: [0x000000496b500000,0x000000496b600000]
Native frames: (J=compiled Java code, j=interpreted, Vv=VM code, C=native code)
V  [jvm.dll+0x683c5a]
V  [jvm.dll+0x842764]
V  [jvm.dll+0x843f5e]
V  [jvm.dll+0x8445c3]
V  [jvm.dll+0x249b75]
V  [jvm.dll+0x680b29]
V  [jvm.dll+0x67501a]
V  [jvm.dll+0x309acb]
V  [jvm.dll+0x310f86]
V  [jvm.dll+0x3608ee]
V  [jvm.dll+0x360b1f]
V  [jvm.dll+0x2dfbf8]
V  [jvm.dll+0x2e0b64]
V  [jvm.dll+0x814051]
V  [jvm.dll+0x36e6a1]
V  [jvm.dll+0x7f358c]
V  [jvm.dll+0x3f0e8f]
V  [jvm.dll+0x3f29d1]
C  [jli.dll+0x526b]
C  [ucrtbase.dll+0x21542]
C  [KERNEL32.DLL+0x16fd4]
C  [ntdll.dll+0x4cec1]


---------------  P R O C E S S  ---------------

Threads class SMR info:
_java_thread_list=0x00007fff7240c058, length=0, elements={
}

Java Threads: ( => current thread )

Other Threads:
  0x000001b3087b6d00 GCTaskThread "GC Thread#0" [stack: 0x000000496b600000,0x000000496b700000] [id=11220]
  0x000001b3087c7b10 ConcurrentGCThread "G1 Main Marker" [stack: 0x000000496b700000,0x000000496b800000] [id=45992]
  0x000001b3087c8cc0 ConcurrentGCThread "G1 Conc#0" [stack: 0x000000496b800000,0x000000496b900000] [id=4268]

[error occurred during error reporting (printing all threads), id 0xc0000005, EXCEPTION_ACCESS_VIOLATION (0xc0000005) at pc=0x00007fff71bc0797]

VM state: not at safepoint (not fully initialized)

VM Mutex/Monitor currently owned by a thread:  ([mutex/lock_event])
[0x000001b308702fc0] Heap_lock - owner thread: 0x000001b308707c30

Heap address: 0x0000000602400000, size: 8156 MB, Compressed Oops mode: Zero based, Oop shift amount: 3

CDS archive(s) mapped at: [0x0000000000000000-0x0000000000000000-0x0000000000000000), size 0, SharedBaseAddress: 0x0000000800000000, ArchiveRelocationMode: 0.
Narrow klass base: 0x0000000000000000, Narrow klass shift: 0, Narrow klass range: 0x0

GC Precious Log:
<Empty>

Heap:
 garbage-first heap   total 0K, used 0K [0x0000000602400000, 0x0000000800000000)
  region size 4096K, 0 young (0K), 0 survivors (0K)

[error occurred during error reporting (printing heap information), id 0xc0000005, EXCEPTION_ACCESS_VIOLATION (0xc0000005) at pc=0x00007fff71fada49]

GC Heap History (0 events):
No events

Dll operation events (1 events):
Event: 0.006 Loaded shared library D:\新建文件夹\IntelliJ IDEA Community Edition 2023.1.1\jbr\bin\java.dll

Deoptimization events (0 events):
No events

Classes unloaded (0 events):
No events

Classes redefined (0 events):
No events

Internal exceptions (0 events):
No events

VM Operations (0 events):
No events

Events (0 events):
No events


Dynamic libraries:
0x00007ff741490000 - 0x00007ff74149a000 	D:\新建文件夹\IntelliJ IDEA Community Edition 2023.1.1\jbr\bin\java.exe
0x00007ffff6350000 - 0x00007ffff6545000 	C:\Windows\SYSTEM32\ntdll.dll
0x00007ffff50a0000 - 0x00007ffff515d000 	C:\Windows\System32\KERNEL32.DLL
0x00007ffff3e70000 - 0x00007ffff4137000 	C:\Windows\System32\KERNELBASE.dll
0x00007ffff4140000 - 0x00007ffff4240000 	C:\Windows\System32\ucrtbase.dll
0x00007fff712b0000 - 0x00007fff712c7000 	D:\新建文件夹\IntelliJ IDEA Community Edition 2023.1.1\jbr\bin\jli.dll
0x00007fff93b10000 - 0x00007fff93b2b000 	D:\新建文件夹\IntelliJ IDEA Community Edition 2023.1.1\jbr\bin\VCRUNTIME140.dll
0x00007ffff5a40000 - 0x00007ffff5be0000 	C:\Windows\System32\USER32.dll
0x00007ffff4240000 - 0x00007ffff4262000 	C:\Windows\System32\win32u.dll
0x00007ffff5a10000 - 0x00007ffff5a3a000 	C:\Windows\System32\GDI32.dll
0x00007ffff3b00000 - 0x00007ffff3c0a000 	C:\Windows\System32\gdi32full.dll
0x00007ffff4270000 - 0x00007ffff430d000 	C:\Windows\System32\msvcp_win.dll
0x00007fffde280000 - 0x00007fffde51a000 	C:\Windows\WinSxS\amd64_microsoft.windows.common-controls_6595b64144ccf1df_6.0.19041.1_none_b555e41d4684ddec\COMCTL32.dll
0x00007ffff4420000 - 0x00007ffff44be000 	C:\Windows\System32\msvcrt.dll
0x00007ffff61b0000 - 0x00007ffff61e0000 	C:\Windows\System32\IMM32.DLL
0x00007fff8fba0000 - 0x00007fff8fbac000 	D:\新建文件夹\IntelliJ IDEA Community Edition 2023.1.1\jbr\bin\vcruntime140_1.dll
0x00007fff8fb10000 - 0x00007fff8fb9d000 	D:\新建文件夹\IntelliJ IDEA Community Edition 2023.1.1\jbr\bin\msvcp140.dll
0x00007fff718d0000 - 0x00007fff7253e000 	D:\新建文件夹\IntelliJ IDEA Community Edition 2023.1.1\jbr\bin\server\jvm.dll
0x00007ffff5be0000 - 0x00007ffff5c8a000 	C:\Windows\System32\ADVAPI32.dll
0x00007ffff4730000 - 0x00007ffff47cb000 	C:\Windows\System32\sechost.dll
0x00007ffff61e0000 - 0x00007ffff6303000 	C:\Windows\System32\RPCRT4.dll
0x00007fff718c0000 - 0x00007fff718c9000 	C:\Windows\SYSTEM32\WSOCK32.dll
0x00007fffec0e0000 - 0x00007fffec0ea000 	C:\Windows\SYSTEM32\VERSION.dll
0x00007fffddf20000 - 0x00007fffddf47000 	C:\Windows\SYSTEM32\WINMM.dll
0x00007ffff54a0000 - 0x00007ffff550b000 	C:\Windows\System32\WS2_32.dll
0x00007ffff2390000 - 0x00007ffff23a3000 	C:\Windows\SYSTEM32\kernel.appcore.dll
0x00007fff718b0000 - 0x00007fff718ba000 	D:\新建文件夹\IntelliJ IDEA Community Edition 2023.1.1\jbr\bin\jimage.dll
0x00007ffff1740000 - 0x00007ffff1924000 	C:\Windows\SYSTEM32\DBGHELP.DLL
0x00007fffdd110000 - 0x00007fffdd13c000 	C:\Windows\SYSTEM32\dbgcore.DLL
0x00007ffff3dc0000 - 0x00007ffff3e3f000 	C:\Windows\System32\bcryptPrimitives.dll
0x00007fff712d0000 - 0x00007fff712de000 	D:\新建文件夹\IntelliJ IDEA Community Edition 2023.1.1\jbr\bin\instrument.dll
0x00007fff71880000 - 0x00007fff718a5000 	D:\新建文件夹\IntelliJ IDEA Community Edition 2023.1.1\jbr\bin\java.dll

dbghelp: loaded successfully - version: 4.0.5 - missing functions: none
symbol engine: initialized successfully - sym options: 0x614 - pdb path: .;D:\新建文件夹\IntelliJ IDEA Community Edition 2023.1.1\jbr\bin;C:\Windows\SYSTEM32;C:\Windows\WinSxS\amd64_microsoft.windows.common-controls_6595b64144ccf1df_6.0.19041.1_none_b555e41d4684ddec;D:\新建文件夹\IntelliJ IDEA Community Edition 2023.1.1\jbr\;D:\新建文件夹\IntelliJ IDEA Community Edition 2023.1.1

VM Arguments:
jvm_args: -javaagent:D:\新建文件夹\IntelliJ IDEA Community Edition 2023.1.1\lib\idea_rt.jar=55733:D:\新建文件夹\IntelliJ IDEA Community Edition 2023.1.1\bin -Dfile.encoding=UTF-8 
java_command: com.hysea.Main
java_class_path (initial): D:\back-end\消息队列\RabbitMQ\springboot+rabbitmq+stomp\demo1\target\classes;D:\maven_repository\org\springframework\boot\spring-boot-starter\2.6.5\spring-boot-starter-2.6.5.jar;D:\maven_repository\org\springframework\boot\spring-boot\2.3.7.RELEASE\spring-boot-2.3.7.RELEASE.jar;D:\maven_repository\org\springframework\spring-context\5.2.12.RELEASE\spring-context-5.2.12.RELEASE.jar;D:\maven_repository\org\springframework\boot\spring-boot-autoconfigure\2.3.7.RELEASE\spring-boot-autoconfigure-2.3.7.RELEASE.jar;D:\maven_repository\org\springframework\boot\spring-boot-starter-logging\2.3.7.RELEASE\spring-boot-starter-logging-2.3.7.RELEASE.jar;D:\maven_repository\ch\qos\logback\logback-classic\1.2.3\logback-classic-1.2.3.jar;D:\maven_repository\ch\qos\logback\logback-core\1.2.3\logback-core-1.2.3.jar;D:\maven_repository\org\apache\logging\log4j\log4j-to-slf4j\2.13.3\log4j-to-slf4j-2.13.3.jar;D:\maven_repository\org\apache\logging\log4j\log4j-api\2.13.3\log4j-api-2.13.3.jar;D:\maven_repository\org\slf4j\jul-to-slf4j\1.7.30\jul-to-slf4j-1.7.30.jar;D:\maven_repository\jakarta\annotation\jakarta.annotation-api\1.3.5\jakarta.annotation-api-1.3.5.jar;D:\maven_repository\org\springframework\spring-core\5.2.12.RELEASE\spring-core-5.2.12.RELEASE.jar;D:\maven_repository\org\springframework\spring-jcl\5.2.12.RELEASE\spring-jcl-5.2.12.RELEASE.jar;D:\maven_repository\org\yaml\snakeyaml\1.26\snakeyaml-1.26.jar;D:\maven_repository\org\springframework\boot\spring-boot-starter-web\2.6.5\spring-boot-starter-web-2.6.5.jar;D:\maven_repository\org\springframework\boot\spring-boot-starter-json\2.3.7.RELEASE\spring-boot-starter-json-2.3.7.RELEASE.jar;D:\maven_repository\com\fasterxml\jackson\core\jackson-databind\2.11.3\jackson-databind-2.11.3.jar;D:\maven_repository\com\fasterxml\jackson\core\jackson-annotations\2.11.3\jackson-annotations-2.11.3.jar;D:\maven_repository\com\fasterxml\jackson\core\jackson-core\2.11.3\jackson-core-2.11.3.jar;D:\maven_repository\com\fas
Launcher Type: SUN_STANDARD

[Global flags]
     intx CICompilerCount                          = 12                                        {product} {ergonomic}
     uint ConcGCThreads                            = 3                                         {product} {ergonomic}
     uint G1ConcRefinementThreads                  = 13                                        {product} {ergonomic}
   size_t G1HeapRegionSize                         = 4194304                                   {product} {ergonomic}
    uintx GCDrainStackTargetSize                   = 64                                        {product} {ergonomic}
   size_t InitialHeapSize                          = 536870912                                 {product} {ergonomic}
   size_t MarkStackSize                            = 4194304                                   {product} {ergonomic}
   size_t MaxHeapSize                              = 8552185856                                {product} {ergonomic}
   size_t MinHeapDeltaBytes                        = 4194304                                   {product} {ergonomic}
   size_t MinHeapSize                              = 8388608                                   {product} {ergonomic}
    uintx NonNMethodCodeHeapSize                   = 7602480                                {pd product} {ergonomic}
    uintx NonProfiledCodeHeapSize                  = 122027880                              {pd product} {ergonomic}
    uintx ProfiledCodeHeapSize                     = 122027880                              {pd product} {ergonomic}
    uintx ReservedCodeCacheSize                    = 251658240                              {pd product} {ergonomic}
     bool SegmentedCodeCache                       = true                                      {product} {ergonomic}
   size_t SoftMaxHeapSize                          = 8552185856                             {manageable} {ergonomic}
     bool UseCompressedClassPointers               = true                           {product lp64_product} {ergonomic}
     bool UseCompressedOops                        = true                           {product lp64_product} {ergonomic}
     bool UseG1GC                                  = true                                      {product} {ergonomic}
     bool UseLargePagesIndividualAllocation        = false                                  {pd product} {ergonomic}

Logging:
Log output configuration:
 #0: stdout all=warning uptime,level,tags
 #1: stderr all=off uptime,level,tags

Environment Variables:
JAVA_HOME=D:\jdk-11
CLASSPATH=.;D:\jdk-11\lib;D:\jdk-11\lib\tools.jar;D:\apache-tomcat-9.0.75\lib\servlet-api.jar;D:\apache-jmeter-5.4.3\lib\ext\ApacheJMeter_core.jar; D:\apache-jmeter-5.4.3\lib\jorphan.jar;
PATH=D:\zentao\ZenTao\zbox\nssm\win32;C:\Program Files\OpenSSL-Win64\bin;C:\Windows\system32;C:\Windows;C:\Windows\System32\Wbem;C:\Windows\System32\WindowsPowerShell\v1.0\;C:\Windows\System32\OpenSSH\;D:\tools\db\mysql8027\bin;D:\jdk-11\bin;D:\jdk-11\jre\bin;D:\微信开发者工具\微信web开发者工具\dll;D:\Node\;D:\G;t\cmd;C:\Users\Administrator\AppData\Local\Programs\Python\Python310\Scripts;C:\Users\Administrator\AppData\Local\Programs\Python\Python310;C:\Program Files\Pandoc\;D:\apache-jmeter-5.4.3\bin;C:\Program Files\erl-24.3.2\bin;D:\apache-maven-3.5.2\bin;D:\apache-tomcat-9.0.75\bin;C:\Users\Administrator\AppData\Local\Programs\Python\Python310\Scripts\;C:\Users\Administrator\AppData\Local\Programs\Python\Python310\;C:\Users\Administrator\AppData\Local\Microsoft\WindowsApps;C:\Program Files\Bandizip\;D:\software\IntelliJ IDEA 2020.1.1\bin;C:\Users\Administrator\AppData\Roaming\npm;C:\Users\Administrator\AppData\Local\gitkraken\bin;D:\PyCharm\PyCharm 2021.3.2\bin;D:\新建文件夹\IntelliJ;%GRA;LE_HOME%\bin;C:\Users\Administrator\AppData\Local\Programs\Python\Python310\Scripts\;C:\Users\Administrator\AppData\Local\Programs\Python\Python310\;C:\Users\Administrator\AppData\Local\Microsoft\WindowsApps;C:\Program Files\Bandizip\;D:\software\IntelliJ IDEA 2020.1.1\bin;C:\Users\Administrator\AppData\Roaming\npm;C:\Users\Administrator\AppData\Local\gitkraken\bin;D:\PyCharm\PyCharm 2021.3.2\bin;;D:\新建文件夹\IntelliJ IDEA Community Edition 2023.1.1\bin;;D:\fiddler;D:\VSCode\bin
USERNAME=Administrator
OS=Windows_NT
PROCESSOR_IDENTIFIER=Intel64 Family 6 Model 165 Stepping 5, GenuineIntel
TMP=C:\Users\ADMINI~1\AppData\Local\Temp
TEMP=C:\Users\ADMINI~1\AppData\Local\Temp


JNI global refs:

[error occurred during error reporting (JNI global references), id 0xc0000005, EXCEPTION_ACCESS_VIOLATION (0xc0000005) at pc=0x00007fff71987a10]


---------------  S Y S T E M  ---------------

OS:
 Windows 10 , 64 bit Build 19041 (10.0.19041.292)
OS uptime: 9 days 1:52 hours
Hyper-V role detected

CPU: total 16 (initial active 16) (8 cores per cpu, 2 threads per core) family 6 model 165 stepping 5 microcode 0xe2, cx8, cmov, fxsr, ht, mmx, 3dnowpref, sse, sse2, sse3, ssse3, sse4.1, sse4.2, popcnt, lzcnt, tsc, tscinvbit, avx, avx2, aes, erms, clmul, bmi1, bmi2, adx, fma, vzeroupper, clflush, clflushopt, hv

Memory: 4k page, system-wide physical 32610M (8196M free)
TotalPageFile size 48994M (AvailPageFile size 135M)
current process WorkingSet (physical memory assigned to process): 10M, peak: 10M
current process commit charge ("private bytes"): 71M, peak: 582M

vm_info: OpenJDK 64-Bit Server VM (17.0.6+10-b829.9) for windows-amd64 JRE (17.0.6+10-b829.9), built on 2023-04-09 by "builduser" with MS VC++ 16.10 / 16.11 (VS2019)

END.
