#
# There is insufficient memory for the Java Runtime Environment to continue.
# Native memory allocation (malloc) failed to allocate 431216 bytes for Chunk::new
# Possible reasons:
#   The system is out of physical RAM or swap space
#   The process is running with CompressedOops enabled, and the Java Heap may be blocking the growth of the native heap
# Possible solutions:
#   Reduce memory load on the system
#   Increase physical memory or swap space
#   Check if swap backing store is full
#   Decrease Java heap size (-Xmx/-Xms)
#   Decrease number of Java threads
#   Decrease Java thread stack sizes (-Xss)
#   Set larger code cache with -XX:ReservedCodeCacheSize=
#   JVM is running with Zero Based Compressed Oops mode in which the Java heap is
#     placed in the first 32GB address space. The Java Heap base address is the
#     maximum limit for the native heap growth. Please use -XX:HeapBaseMinAddress
#     to set the Java Heap base and to place the Java Heap above 32GB virtual address.
# This output file may be truncated or incomplete.
#
#  Out of Memory Error (arena.cpp:197), pid=25964, tid=2648
#
# JRE version: OpenJDK Runtime Environment Corretto-11.0.24.8.1 (11.0.24+8) (build 11.0.24+8-LTS)
# Java VM: OpenJDK 64-Bit Server VM Corretto-11.0.24.8.1 (11.0.24+8-LTS, mixed mode, tiered, compressed oops, g1 gc, windows-amd64)
# No core dump will be written. Minidumps are not enabled by default on client versions of Windows
#

---------------  S U M M A R Y ------------

Command Line: -javaagent:E:\idea\IntelliJ IDEA Community Edition 2022.3.1\lib\idea_rt.jar=58974:E:\idea\IntelliJ IDEA Community Edition 2022.3.1\bin -Dfile.encoding=UTF-8 com.hysea.Main

Host: AMD Ryzen 5 5625U with Radeon Graphics         , 12 cores, 15G,  Windows 11 , 64 bit Build 22621 (10.0.22621.4391)
Time: Fri Oct 25 00:02:43 2024  Windows 11 , 64 bit Build 22621 (10.0.22621.4391) elapsed time: 1.316289 seconds (0d 0h 0m 1s)

---------------  T H R E A D  ---------------

Current thread (0x00000266aa9a2000):  JavaThread "C2 CompilerThread1" daemon [_thread_in_native, id=2648, stack(0x0000006f97a00000,0x0000006f97b00000)]


Current CompileTask:
C2:   1316 2122       4       jdk.internal.module.SystemModuleFinders$SystemModuleReader::findImageLocation (42 bytes)

Stack: [0x0000006f97a00000,0x0000006f97b00000]
Native frames: (J=compiled Java code, j=interpreted, Vv=VM code, C=native code)
V  [jvm.dll+0x6461fa]
V  [jvm.dll+0x7da769]
V  [jvm.dll+0x7dbe69]
V  [jvm.dll+0x7dc553]
V  [jvm.dll+0x269b55]
V  [jvm.dll+0xc215c]
V  [jvm.dll+0xc270c]
V  [jvm.dll+0x37a007]
V  [jvm.dll+0x1b3da4]
V  [jvm.dll+0x221d7f]
V  [jvm.dll+0x220c38]
V  [jvm.dll+0x19e9e1]
V  [jvm.dll+0x230ae9]
V  [jvm.dll+0x22ec5f]
V  [jvm.dll+0x79b991]
V  [jvm.dll+0x794664]
V  [jvm.dll+0x644fb5]
C  [ucrtbase.dll+0x29333]
C  [KERNEL32.DLL+0x1259d]
C  [ntdll.dll+0x5af38]


---------------  P R O C E S S  ---------------

Threads class SMR info:
_java_thread_list=0x00000266abb7a3c0, length=13, elements={
0x00000266862ac000, 0x00000266a9ef8000, 0x00000266a9ef1800, 0x00000266aa7fe000,
0x00000266aa7ff000, 0x00000266aa802000, 0x00000266aa809800, 0x00000266aa813800,
0x00000266aa815000, 0x00000266aa986000, 0x00000266aa9a2000, 0x00000266aaafe800,
0x00000266ac14b000
}

Java Threads: ( => current thread )
  0x00000266862ac000 JavaThread "main" [_thread_in_Java, id=36564, stack(0x0000006f96a00000,0x0000006f96b00000)]
  0x00000266a9ef8000 JavaThread "Reference Handler" daemon [_thread_blocked, id=33340, stack(0x0000006f97100000,0x0000006f97200000)]
  0x00000266a9ef1800 JavaThread "Finalizer" daemon [_thread_blocked, id=37436, stack(0x0000006f97200000,0x0000006f97300000)]
  0x00000266aa7fe000 JavaThread "Signal Dispatcher" daemon [_thread_blocked, id=33452, stack(0x0000006f97300000,0x0000006f97400000)]
  0x00000266aa7ff000 JavaThread "Attach Listener" daemon [_thread_blocked, id=36612, stack(0x0000006f97400000,0x0000006f97500000)]
  0x00000266aa802000 JavaThread "Service Thread" daemon [_thread_blocked, id=34584, stack(0x0000006f97500000,0x0000006f97600000)]
  0x00000266aa809800 JavaThread "C2 CompilerThread0" daemon [_thread_in_native, id=36428, stack(0x0000006f97600000,0x0000006f97700000)]
  0x00000266aa813800 JavaThread "C1 CompilerThread0" daemon [_thread_blocked, id=34904, stack(0x0000006f97700000,0x0000006f97800000)]
  0x00000266aa815000 JavaThread "Sweeper thread" daemon [_thread_blocked, id=32800, stack(0x0000006f97800000,0x0000006f97900000)]
  0x00000266aa986000 JavaThread "Common-Cleaner" daemon [_thread_blocked, id=32032, stack(0x0000006f97900000,0x0000006f97a00000)]
=>0x00000266aa9a2000 JavaThread "C2 CompilerThread1" daemon [_thread_in_native, id=2648, stack(0x0000006f97a00000,0x0000006f97b00000)]
  0x00000266aaafe800 JavaThread "Monitor Ctrl-Break" daemon [_thread_in_native, id=9800, stack(0x0000006f97b00000,0x0000006f97c00000)]
  0x00000266ac14b000 JavaThread "C2 CompilerThread2" daemon [_thread_in_native, id=34100, stack(0x0000006f98100000,0x0000006f98200000)]

Other Threads:
  0x00000266a9ee4800 VMThread "VM Thread" [stack: 0x0000006f97000000,0x0000006f97100000] [id=33052]
  0x00000266aadb9000 WatcherThread [stack: 0x0000006f97c00000,0x0000006f97d00000] [id=17048]
  0x00000266862c6800 GCTaskThread "GC Thread#0" [stack: 0x0000006f96b00000,0x0000006f96c00000] [id=1692]
  0x00000266ab812000 GCTaskThread "GC Thread#1" [stack: 0x0000006f97d00000,0x0000006f97e00000] [id=32068]
  0x00000266ab834000 GCTaskThread "GC Thread#2" [stack: 0x0000006f97e00000,0x0000006f97f00000] [id=9248]
  0x00000266ab230000 GCTaskThread "GC Thread#3" [stack: 0x0000006f97f00000,0x0000006f98000000] [id=13408]
  0x00000266ab80c800 GCTaskThread "GC Thread#4" [stack: 0x0000006f98000000,0x0000006f98100000] [id=8288]
  0x000002668631f000 ConcurrentGCThread "G1 Main Marker" [stack: 0x0000006f96c00000,0x0000006f96d00000] [id=35288]
  0x0000026686320800 ConcurrentGCThread "G1 Conc#0" [stack: 0x0000006f96d00000,0x0000006f96e00000] [id=2916]
  0x00000266ab899800 ConcurrentGCThread "G1 Conc#1" [stack: 0x0000006f98200000,0x0000006f98300000] [id=22168]
  0x00000266aaffe000 ConcurrentGCThread "G1 Conc#2" [stack: 0x0000006f98300000,0x0000006f98400000] [id=9416]
  0x00000266a9dd0800 ConcurrentGCThread "G1 Refine#0" [stack: 0x0000006f96e00000,0x0000006f96f00000] [id=12824]
  0x00000266a9dd1800 ConcurrentGCThread "G1 Young RemSet Sampling" [stack: 0x0000006f96f00000,0x0000006f97000000] [id=32092]

Threads with active compile tasks:
C2 CompilerThread0     1344 2124       4       jdk.internal.module.SystemModuleFinders$SystemModuleReader::find (54 bytes)
C1 CompilerThread0     1344 2293       3       org.springframework.beans.factory.support.AbstractBeanFactory::isTypeMatch (607 bytes)
C2 CompilerThread1     1344 2122       4       jdk.internal.module.SystemModuleFinders$SystemModuleReader::findImageLocation (42 bytes)
C2 CompilerThread2     1344 2222       4       java.io.WinNTFileSystem::normalize (224 bytes)

VM state:not at safepoint (normal execution)

VM Mutex/Monitor currently owned by a thread: None

Heap address: 0x000000070ae00000, size: 3922 MB, Compressed Oops mode: Zero based, Oop shift amount: 3
Narrow klass base: 0x0000000800000000, Narrow klass shift: 0
Compressed class space size: 1073741824 Address: 0x0000000800000000

Heap:
 garbage-first heap   total 251904K, used 14376K [0x000000070ae00000, 0x0000000800000000)
  region size 1024K, 11 young (11264K), 4 survivors (4096K)
 Metaspace       used 25743K, capacity 26306K, committed 26544K, reserved 1073152K
  class space    used 2841K, capacity 3060K, committed 3072K, reserved 1048576K
Heap Regions: E=young(eden), S=young(survivor), O=old, HS=humongous(starts), HC=humongous(continues), CS=collection set, F=free, A=archive, TAMS=top-at-mark-start (previous, next)
|   0|0x000000070ae00000, 0x000000070af00000, 0x000000070af00000|100%| O|  |TAMS 0x000000070af00000, 0x000000070ae00000| Untracked 
|   1|0x000000070af00000, 0x000000070b000000, 0x000000070b000000|100%| O|  |TAMS 0x000000070b000000, 0x000000070af00000| Untracked 
|   2|0x000000070b000000, 0x000000070b100000, 0x000000070b100000|100%| O|  |TAMS 0x000000070b01a400, 0x000000070b000000| Untracked 
|   3|0x000000070b100000, 0x000000070b200000, 0x000000070b200000|100%| O|  |TAMS 0x000000070b100000, 0x000000070b100000| Untracked 
|   4|0x000000070b200000, 0x000000070b2d2600, 0x000000070b300000| 82%| O|  |TAMS 0x000000070b200000, 0x000000070b200000| Untracked 
|   5|0x000000070b300000, 0x000000070b300000, 0x000000070b400000|  0%| F|  |TAMS 0x000000070b300000, 0x000000070b300000| Untracked 
|   6|0x000000070b400000, 0x000000070b400000, 0x000000070b500000|  0%| F|  |TAMS 0x000000070b400000, 0x000000070b400000| Untracked 
|   7|0x000000070b500000, 0x000000070b500000, 0x000000070b600000|  0%| F|  |TAMS 0x000000070b500000, 0x000000070b500000| Untracked 
|   8|0x000000070b600000, 0x000000070b600000, 0x000000070b700000|  0%| F|  |TAMS 0x000000070b600000, 0x000000070b600000| Untracked 
|   9|0x000000070b700000, 0x000000070b700000, 0x000000070b800000|  0%| F|  |TAMS 0x000000070b700000, 0x000000070b700000| Untracked 
|  10|0x000000070b800000, 0x000000070b800000, 0x000000070b900000|  0%| F|  |TAMS 0x000000070b800000, 0x000000070b800000| Untracked 
|  11|0x000000070b900000, 0x000000070b900000, 0x000000070ba00000|  0%| F|  |TAMS 0x000000070b900000, 0x000000070b900000| Untracked 
|  12|0x000000070ba00000, 0x000000070ba00000, 0x000000070bb00000|  0%| F|  |TAMS 0x000000070ba00000, 0x000000070ba00000| Untracked 
|  13|0x000000070bb00000, 0x000000070bb00000, 0x000000070bc00000|  0%| F|  |TAMS 0x000000070bb00000, 0x000000070bb00000| Untracked 
|  14|0x000000070bc00000, 0x000000070bc00000, 0x000000070bd00000|  0%| F|  |TAMS 0x000000070bc00000, 0x000000070bc00000| Untracked 
|  15|0x000000070bd00000, 0x000000070bd00000, 0x000000070be00000|  0%| F|  |TAMS 0x000000070bd00000, 0x000000070bd00000| Untracked 
|  16|0x000000070be00000, 0x000000070be00000, 0x000000070bf00000|  0%| F|  |TAMS 0x000000070be00000, 0x000000070be00000| Untracked 
|  17|0x000000070bf00000, 0x000000070bf00000, 0x000000070c000000|  0%| F|  |TAMS 0x000000070bf00000, 0x000000070bf00000| Untracked 
|  18|0x000000070c000000, 0x000000070c000000, 0x000000070c100000|  0%| F|  |TAMS 0x000000070c000000, 0x000000070c000000| Untracked 
|  19|0x000000070c100000, 0x000000070c100000, 0x000000070c200000|  0%| F|  |TAMS 0x000000070c100000, 0x000000070c100000| Untracked 
|  20|0x000000070c200000, 0x000000070c200000, 0x000000070c300000|  0%| F|  |TAMS 0x000000070c200000, 0x000000070c200000| Untracked 
|  21|0x000000070c300000, 0x000000070c300000, 0x000000070c400000|  0%| F|  |TAMS 0x000000070c300000, 0x000000070c300000| Untracked 
|  22|0x000000070c400000, 0x000000070c400000, 0x000000070c500000|  0%| F|  |TAMS 0x000000070c400000, 0x000000070c400000| Untracked 
|  23|0x000000070c500000, 0x000000070c500000, 0x000000070c600000|  0%| F|  |TAMS 0x000000070c500000, 0x000000070c500000| Untracked 
|  24|0x000000070c600000, 0x000000070c600000, 0x000000070c700000|  0%| F|  |TAMS 0x000000070c600000, 0x000000070c600000| Untracked 
|  25|0x000000070c700000, 0x000000070c700000, 0x000000070c800000|  0%| F|  |TAMS 0x000000070c700000, 0x000000070c700000| Untracked 
|  26|0x000000070c800000, 0x000000070c800000, 0x000000070c900000|  0%| F|  |TAMS 0x000000070c800000, 0x000000070c800000| Untracked 
|  27|0x000000070c900000, 0x000000070c900000, 0x000000070ca00000|  0%| F|  |TAMS 0x000000070c900000, 0x000000070c900000| Untracked 
|  28|0x000000070ca00000, 0x000000070ca00000, 0x000000070cb00000|  0%| F|  |TAMS 0x000000070ca00000, 0x000000070ca00000| Untracked 
|  29|0x000000070cb00000, 0x000000070cb00000, 0x000000070cc00000|  0%| F|  |TAMS 0x000000070cb00000, 0x000000070cb00000| Untracked 
|  30|0x000000070cc00000, 0x000000070cc00000, 0x000000070cd00000|  0%| F|  |TAMS 0x000000070cc00000, 0x000000070cc00000| Untracked 
|  31|0x000000070cd00000, 0x000000070cd00000, 0x000000070ce00000|  0%| F|  |TAMS 0x000000070cd00000, 0x000000070cd00000| Untracked 
|  32|0x000000070ce00000, 0x000000070ce00000, 0x000000070cf00000|  0%| F|  |TAMS 0x000000070ce00000, 0x000000070ce00000| Untracked 
|  33|0x000000070cf00000, 0x000000070cf00000, 0x000000070d000000|  0%| F|  |TAMS 0x000000070cf00000, 0x000000070cf00000| Untracked 
|  34|0x000000070d000000, 0x000000070d000000, 0x000000070d100000|  0%| F|  |TAMS 0x000000070d000000, 0x000000070d000000| Untracked 
|  35|0x000000070d100000, 0x000000070d100000, 0x000000070d200000|  0%| F|  |TAMS 0x000000070d100000, 0x000000070d100000| Untracked 
|  36|0x000000070d200000, 0x000000070d200000, 0x000000070d300000|  0%| F|  |TAMS 0x000000070d200000, 0x000000070d200000| Untracked 
|  37|0x000000070d300000, 0x000000070d300000, 0x000000070d400000|  0%| F|  |TAMS 0x000000070d300000, 0x000000070d300000| Untracked 
|  38|0x000000070d400000, 0x000000070d400000, 0x000000070d500000|  0%| F|  |TAMS 0x000000070d400000, 0x000000070d400000| Untracked 
|  39|0x000000070d500000, 0x000000070d500000, 0x000000070d600000|  0%| F|  |TAMS 0x000000070d500000, 0x000000070d500000| Untracked 
|  40|0x000000070d600000, 0x000000070d600000, 0x000000070d700000|  0%| F|  |TAMS 0x000000070d600000, 0x000000070d600000| Untracked 
|  41|0x000000070d700000, 0x000000070d700000, 0x000000070d800000|  0%| F|  |TAMS 0x000000070d700000, 0x000000070d700000| Untracked 
|  42|0x000000070d800000, 0x000000070d800000, 0x000000070d900000|  0%| F|  |TAMS 0x000000070d800000, 0x000000070d800000| Untracked 
|  43|0x000000070d900000, 0x000000070d900000, 0x000000070da00000|  0%| F|  |TAMS 0x000000070d900000, 0x000000070d900000| Untracked 
|  44|0x000000070da00000, 0x000000070da00000, 0x000000070db00000|  0%| F|  |TAMS 0x000000070da00000, 0x000000070da00000| Untracked 
|  45|0x000000070db00000, 0x000000070db00000, 0x000000070dc00000|  0%| F|  |TAMS 0x000000070db00000, 0x000000070db00000| Untracked 
|  46|0x000000070dc00000, 0x000000070dc00000, 0x000000070dd00000|  0%| F|  |TAMS 0x000000070dc00000, 0x000000070dc00000| Untracked 
|  47|0x000000070dd00000, 0x000000070dd00000, 0x000000070de00000|  0%| F|  |TAMS 0x000000070dd00000, 0x000000070dd00000| Untracked 
|  48|0x000000070de00000, 0x000000070de00000, 0x000000070df00000|  0%| F|  |TAMS 0x000000070de00000, 0x000000070de00000| Untracked 
|  49|0x000000070df00000, 0x000000070df00000, 0x000000070e000000|  0%| F|  |TAMS 0x000000070df00000, 0x000000070df00000| Untracked 
|  50|0x000000070e000000, 0x000000070e000000, 0x000000070e100000|  0%| F|  |TAMS 0x000000070e000000, 0x000000070e000000| Untracked 
|  51|0x000000070e100000, 0x000000070e100000, 0x000000070e200000|  0%| F|  |TAMS 0x000000070e100000, 0x000000070e100000| Untracked 
|  52|0x000000070e200000, 0x000000070e200000, 0x000000070e300000|  0%| F|  |TAMS 0x000000070e200000, 0x000000070e200000| Untracked 
|  53|0x000000070e300000, 0x000000070e300000, 0x000000070e400000|  0%| F|  |TAMS 0x000000070e300000, 0x000000070e300000| Untracked 
|  54|0x000000070e400000, 0x000000070e400000, 0x000000070e500000|  0%| F|  |TAMS 0x000000070e400000, 0x000000070e400000| Untracked 
|  55|0x000000070e500000, 0x000000070e500000, 0x000000070e600000|  0%| F|  |TAMS 0x000000070e500000, 0x000000070e500000| Untracked 
|  56|0x000000070e600000, 0x000000070e600000, 0x000000070e700000|  0%| F|  |TAMS 0x000000070e600000, 0x000000070e600000| Untracked 
|  57|0x000000070e700000, 0x000000070e700000, 0x000000070e800000|  0%| F|  |TAMS 0x000000070e700000, 0x000000070e700000| Untracked 
|  58|0x000000070e800000, 0x000000070e800000, 0x000000070e900000|  0%| F|  |TAMS 0x000000070e800000, 0x000000070e800000| Untracked 
|  59|0x000000070e900000, 0x000000070e900000, 0x000000070ea00000|  0%| F|  |TAMS 0x000000070e900000, 0x000000070e900000| Untracked 
|  60|0x000000070ea00000, 0x000000070ea00000, 0x000000070eb00000|  0%| F|  |TAMS 0x000000070ea00000, 0x000000070ea00000| Untracked 
|  61|0x000000070eb00000, 0x000000070eb00000, 0x000000070ec00000|  0%| F|  |TAMS 0x000000070eb00000, 0x000000070eb00000| Untracked 
|  62|0x000000070ec00000, 0x000000070ec00000, 0x000000070ed00000|  0%| F|  |TAMS 0x000000070ec00000, 0x000000070ec00000| Untracked 
|  63|0x000000070ed00000, 0x000000070ed00000, 0x000000070ee00000|  0%| F|  |TAMS 0x000000070ed00000, 0x000000070ed00000| Untracked 
|  64|0x000000070ee00000, 0x000000070ee00000, 0x000000070ef00000|  0%| F|  |TAMS 0x000000070ee00000, 0x000000070ee00000| Untracked 
|  65|0x000000070ef00000, 0x000000070ef00000, 0x000000070f000000|  0%| F|  |TAMS 0x000000070ef00000, 0x000000070ef00000| Untracked 
|  66|0x000000070f000000, 0x000000070f000000, 0x000000070f100000|  0%| F|  |TAMS 0x000000070f000000, 0x000000070f000000| Untracked 
|  67|0x000000070f100000, 0x000000070f100000, 0x000000070f200000|  0%| F|  |TAMS 0x000000070f100000, 0x000000070f100000| Untracked 
|  68|0x000000070f200000, 0x000000070f200000, 0x000000070f300000|  0%| F|  |TAMS 0x000000070f200000, 0x000000070f200000| Untracked 
|  69|0x000000070f300000, 0x000000070f300000, 0x000000070f400000|  0%| F|  |TAMS 0x000000070f300000, 0x000000070f300000| Untracked 
|  70|0x000000070f400000, 0x000000070f400000, 0x000000070f500000|  0%| F|  |TAMS 0x000000070f400000, 0x000000070f400000| Untracked 
|  71|0x000000070f500000, 0x000000070f500000, 0x000000070f600000|  0%| F|  |TAMS 0x000000070f500000, 0x000000070f500000| Untracked 
|  72|0x000000070f600000, 0x000000070f600000, 0x000000070f700000|  0%| F|  |TAMS 0x000000070f600000, 0x000000070f600000| Untracked 
|  73|0x000000070f700000, 0x000000070f700000, 0x000000070f800000|  0%| F|  |TAMS 0x000000070f700000, 0x000000070f700000| Untracked 
|  74|0x000000070f800000, 0x000000070f800000, 0x000000070f900000|  0%| F|  |TAMS 0x000000070f800000, 0x000000070f800000| Untracked 
|  75|0x000000070f900000, 0x000000070f900000, 0x000000070fa00000|  0%| F|  |TAMS 0x000000070f900000, 0x000000070f900000| Untracked 
|  76|0x000000070fa00000, 0x000000070fa00000, 0x000000070fb00000|  0%| F|  |TAMS 0x000000070fa00000, 0x000000070fa00000| Untracked 
|  77|0x000000070fb00000, 0x000000070fb00000, 0x000000070fc00000|  0%| F|  |TAMS 0x000000070fb00000, 0x000000070fb00000| Untracked 
|  78|0x000000070fc00000, 0x000000070fc00000, 0x000000070fd00000|  0%| F|  |TAMS 0x000000070fc00000, 0x000000070fc00000| Untracked 
|  79|0x000000070fd00000, 0x000000070fd00000, 0x000000070fe00000|  0%| F|  |TAMS 0x000000070fd00000, 0x000000070fd00000| Untracked 
|  80|0x000000070fe00000, 0x000000070fe00000, 0x000000070ff00000|  0%| F|  |TAMS 0x000000070fe00000, 0x000000070fe00000| Untracked 
|  81|0x000000070ff00000, 0x000000070ff00000, 0x0000000710000000|  0%| F|  |TAMS 0x000000070ff00000, 0x000000070ff00000| Untracked 
|  82|0x0000000710000000, 0x0000000710000000, 0x0000000710100000|  0%| F|  |TAMS 0x0000000710000000, 0x0000000710000000| Untracked 
|  83|0x0000000710100000, 0x0000000710100000, 0x0000000710200000|  0%| F|  |TAMS 0x0000000710100000, 0x0000000710100000| Untracked 
|  84|0x0000000710200000, 0x0000000710200000, 0x0000000710300000|  0%| F|  |TAMS 0x0000000710200000, 0x0000000710200000| Untracked 
|  85|0x0000000710300000, 0x0000000710300000, 0x0000000710400000|  0%| F|  |TAMS 0x0000000710300000, 0x0000000710300000| Untracked 
|  86|0x0000000710400000, 0x0000000710400000, 0x0000000710500000|  0%| F|  |TAMS 0x0000000710400000, 0x0000000710400000| Untracked 
|  87|0x0000000710500000, 0x0000000710500000, 0x0000000710600000|  0%| F|  |TAMS 0x0000000710500000, 0x0000000710500000| Untracked 
|  88|0x0000000710600000, 0x0000000710600000, 0x0000000710700000|  0%| F|  |TAMS 0x0000000710600000, 0x0000000710600000| Untracked 
|  89|0x0000000710700000, 0x0000000710700000, 0x0000000710800000|  0%| F|  |TAMS 0x0000000710700000, 0x0000000710700000| Untracked 
|  90|0x0000000710800000, 0x0000000710800000, 0x0000000710900000|  0%| F|  |TAMS 0x0000000710800000, 0x0000000710800000| Untracked 
|  91|0x0000000710900000, 0x0000000710900000, 0x0000000710a00000|  0%| F|  |TAMS 0x0000000710900000, 0x0000000710900000| Untracked 
|  92|0x0000000710a00000, 0x0000000710a00000, 0x0000000710b00000|  0%| F|  |TAMS 0x0000000710a00000, 0x0000000710a00000| Untracked 
|  93|0x0000000710b00000, 0x0000000710b00000, 0x0000000710c00000|  0%| F|  |TAMS 0x0000000710b00000, 0x0000000710b00000| Untracked 
|  94|0x0000000710c00000, 0x0000000710c00000, 0x0000000710d00000|  0%| F|  |TAMS 0x0000000710c00000, 0x0000000710c00000| Untracked 
|  95|0x0000000710d00000, 0x0000000710d00000, 0x0000000710e00000|  0%| F|  |TAMS 0x0000000710d00000, 0x0000000710d00000| Untracked 
|  96|0x0000000710e00000, 0x0000000710e00000, 0x0000000710f00000|  0%| F|  |TAMS 0x0000000710e00000, 0x0000000710e00000| Untracked 
|  97|0x0000000710f00000, 0x0000000710f00000, 0x0000000711000000|  0%| F|  |TAMS 0x0000000710f00000, 0x0000000710f00000| Untracked 
|  98|0x0000000711000000, 0x0000000711000000, 0x0000000711100000|  0%| F|  |TAMS 0x0000000711000000, 0x0000000711000000| Untracked 
|  99|0x0000000711100000, 0x0000000711100000, 0x0000000711200000|  0%| F|  |TAMS 0x0000000711100000, 0x0000000711100000| Untracked 
| 100|0x0000000711200000, 0x0000000711200000, 0x0000000711300000|  0%| F|  |TAMS 0x0000000711200000, 0x0000000711200000| Untracked 
| 101|0x0000000711300000, 0x0000000711300000, 0x0000000711400000|  0%| F|  |TAMS 0x0000000711300000, 0x0000000711300000| Untracked 
| 102|0x0000000711400000, 0x0000000711400000, 0x0000000711500000|  0%| F|  |TAMS 0x0000000711400000, 0x0000000711400000| Untracked 
| 103|0x0000000711500000, 0x0000000711500000, 0x0000000711600000|  0%| F|  |TAMS 0x0000000711500000, 0x0000000711500000| Untracked 
| 104|0x0000000711600000, 0x0000000711600000, 0x0000000711700000|  0%| F|  |TAMS 0x0000000711600000, 0x0000000711600000| Untracked 
| 105|0x0000000711700000, 0x0000000711700000, 0x0000000711800000|  0%| F|  |TAMS 0x0000000711700000, 0x0000000711700000| Untracked 
| 106|0x0000000711800000, 0x0000000711800000, 0x0000000711900000|  0%| F|  |TAMS 0x0000000711800000, 0x0000000711800000| Untracked 
| 107|0x0000000711900000, 0x0000000711900000, 0x0000000711a00000|  0%| F|  |TAMS 0x0000000711900000, 0x0000000711900000| Untracked 
| 108|0x0000000711a00000, 0x0000000711a00000, 0x0000000711b00000|  0%| F|  |TAMS 0x0000000711a00000, 0x0000000711a00000| Untracked 
| 109|0x0000000711b00000, 0x0000000711b00000, 0x0000000711c00000|  0%| F|  |TAMS 0x0000000711b00000, 0x0000000711b00000| Untracked 
| 110|0x0000000711c00000, 0x0000000711c00000, 0x0000000711d00000|  0%| F|  |TAMS 0x0000000711c00000, 0x0000000711c00000| Untracked 
| 111|0x0000000711d00000, 0x0000000711d00000, 0x0000000711e00000|  0%| F|  |TAMS 0x0000000711d00000, 0x0000000711d00000| Untracked 
| 112|0x0000000711e00000, 0x0000000711e00000, 0x0000000711f00000|  0%| F|  |TAMS 0x0000000711e00000, 0x0000000711e00000| Untracked 
| 113|0x0000000711f00000, 0x0000000711f00000, 0x0000000712000000|  0%| F|  |TAMS 0x0000000711f00000, 0x0000000711f00000| Untracked 
| 114|0x0000000712000000, 0x0000000712000000, 0x0000000712100000|  0%| F|  |TAMS 0x0000000712000000, 0x0000000712000000| Untracked 
| 115|0x0000000712100000, 0x0000000712100000, 0x0000000712200000|  0%| F|  |TAMS 0x0000000712100000, 0x0000000712100000| Untracked 
| 116|0x0000000712200000, 0x0000000712200000, 0x0000000712300000|  0%| F|  |TAMS 0x0000000712200000, 0x0000000712200000| Untracked 
| 117|0x0000000712300000, 0x0000000712300000, 0x0000000712400000|  0%| F|  |TAMS 0x0000000712300000, 0x0000000712300000| Untracked 
| 118|0x0000000712400000, 0x0000000712400000, 0x0000000712500000|  0%| F|  |TAMS 0x0000000712400000, 0x0000000712400000| Untracked 
| 119|0x0000000712500000, 0x0000000712500000, 0x0000000712600000|  0%| F|  |TAMS 0x0000000712500000, 0x0000000712500000| Untracked 
| 120|0x0000000712600000, 0x0000000712600000, 0x0000000712700000|  0%| F|  |TAMS 0x0000000712600000, 0x0000000712600000| Untracked 
| 121|0x0000000712700000, 0x0000000712700000, 0x0000000712800000|  0%| F|  |TAMS 0x0000000712700000, 0x0000000712700000| Untracked 
| 122|0x0000000712800000, 0x0000000712800000, 0x0000000712900000|  0%| F|  |TAMS 0x0000000712800000, 0x0000000712800000| Untracked 
| 123|0x0000000712900000, 0x0000000712900000, 0x0000000712a00000|  0%| F|  |TAMS 0x0000000712900000, 0x0000000712900000| Untracked 
| 124|0x0000000712a00000, 0x0000000712a00000, 0x0000000712b00000|  0%| F|  |TAMS 0x0000000712a00000, 0x0000000712a00000| Untracked 
| 125|0x0000000712b00000, 0x0000000712b00000, 0x0000000712c00000|  0%| F|  |TAMS 0x0000000712b00000, 0x0000000712b00000| Untracked 
| 126|0x0000000712c00000, 0x0000000712c00000, 0x0000000712d00000|  0%| F|  |TAMS 0x0000000712c00000, 0x0000000712c00000| Untracked 
| 127|0x0000000712d00000, 0x0000000712d00000, 0x0000000712e00000|  0%| F|  |TAMS 0x0000000712d00000, 0x0000000712d00000| Untracked 
| 128|0x0000000712e00000, 0x0000000712e00000, 0x0000000712f00000|  0%| F|  |TAMS 0x0000000712e00000, 0x0000000712e00000| Untracked 
| 129|0x0000000712f00000, 0x0000000712f00000, 0x0000000713000000|  0%| F|  |TAMS 0x0000000712f00000, 0x0000000712f00000| Untracked 
| 130|0x0000000713000000, 0x0000000713000000, 0x0000000713100000|  0%| F|  |TAMS 0x0000000713000000, 0x0000000713000000| Untracked 
| 131|0x0000000713100000, 0x0000000713100000, 0x0000000713200000|  0%| F|  |TAMS 0x0000000713100000, 0x0000000713100000| Untracked 
| 132|0x0000000713200000, 0x0000000713200000, 0x0000000713300000|  0%| F|  |TAMS 0x0000000713200000, 0x0000000713200000| Untracked 
| 133|0x0000000713300000, 0x0000000713300000, 0x0000000713400000|  0%| F|  |TAMS 0x0000000713300000, 0x0000000713300000| Untracked 
| 134|0x0000000713400000, 0x0000000713400000, 0x0000000713500000|  0%| F|  |TAMS 0x0000000713400000, 0x0000000713400000| Untracked 
| 135|0x0000000713500000, 0x0000000713500000, 0x0000000713600000|  0%| F|  |TAMS 0x0000000713500000, 0x0000000713500000| Untracked 
| 136|0x0000000713600000, 0x0000000713600000, 0x0000000713700000|  0%| F|  |TAMS 0x0000000713600000, 0x0000000713600000| Untracked 
| 137|0x0000000713700000, 0x0000000713700000, 0x0000000713800000|  0%| F|  |TAMS 0x0000000713700000, 0x0000000713700000| Untracked 
| 138|0x0000000713800000, 0x0000000713800000, 0x0000000713900000|  0%| F|  |TAMS 0x0000000713800000, 0x0000000713800000| Untracked 
| 139|0x0000000713900000, 0x0000000713900000, 0x0000000713a00000|  0%| F|  |TAMS 0x0000000713900000, 0x0000000713900000| Untracked 
| 140|0x0000000713a00000, 0x0000000713a00000, 0x0000000713b00000|  0%| F|  |TAMS 0x0000000713a00000, 0x0000000713a00000| Untracked 
| 141|0x0000000713b00000, 0x0000000713b00000, 0x0000000713c00000|  0%| F|  |TAMS 0x0000000713b00000, 0x0000000713b00000| Untracked 
| 142|0x0000000713c00000, 0x0000000713c00000, 0x0000000713d00000|  0%| F|  |TAMS 0x0000000713c00000, 0x0000000713c00000| Untracked 
| 143|0x0000000713d00000, 0x0000000713d00000, 0x0000000713e00000|  0%| F|  |TAMS 0x0000000713d00000, 0x0000000713d00000| Untracked 
| 144|0x0000000713e00000, 0x0000000713e00000, 0x0000000713f00000|  0%| F|  |TAMS 0x0000000713e00000, 0x0000000713e00000| Untracked 
| 145|0x0000000713f00000, 0x0000000713f00000, 0x0000000714000000|  0%| F|  |TAMS 0x0000000713f00000, 0x0000000713f00000| Untracked 
| 146|0x0000000714000000, 0x0000000714000000, 0x0000000714100000|  0%| F|  |TAMS 0x0000000714000000, 0x0000000714000000| Untracked 
| 147|0x0000000714100000, 0x0000000714100000, 0x0000000714200000|  0%| F|  |TAMS 0x0000000714100000, 0x0000000714100000| Untracked 
| 148|0x0000000714200000, 0x0000000714200000, 0x0000000714300000|  0%| F|  |TAMS 0x0000000714200000, 0x0000000714200000| Untracked 
| 149|0x0000000714300000, 0x0000000714300000, 0x0000000714400000|  0%| F|  |TAMS 0x0000000714300000, 0x0000000714300000| Untracked 
| 150|0x0000000714400000, 0x0000000714400000, 0x0000000714500000|  0%| F|  |TAMS 0x0000000714400000, 0x0000000714400000| Untracked 
| 151|0x0000000714500000, 0x0000000714500000, 0x0000000714600000|  0%| F|  |TAMS 0x0000000714500000, 0x0000000714500000| Untracked 
| 152|0x0000000714600000, 0x0000000714600000, 0x0000000714700000|  0%| F|  |TAMS 0x0000000714600000, 0x0000000714600000| Untracked 
| 153|0x0000000714700000, 0x0000000714700000, 0x0000000714800000|  0%| F|  |TAMS 0x0000000714700000, 0x0000000714700000| Untracked 
| 154|0x0000000714800000, 0x0000000714800000, 0x0000000714900000|  0%| F|  |TAMS 0x0000000714800000, 0x0000000714800000| Untracked 
| 155|0x0000000714900000, 0x0000000714900000, 0x0000000714a00000|  0%| F|  |TAMS 0x0000000714900000, 0x0000000714900000| Untracked 
| 156|0x0000000714a00000, 0x0000000714a00000, 0x0000000714b00000|  0%| F|  |TAMS 0x0000000714a00000, 0x0000000714a00000| Untracked 
| 157|0x0000000714b00000, 0x0000000714b00000, 0x0000000714c00000|  0%| F|  |TAMS 0x0000000714b00000, 0x0000000714b00000| Untracked 
| 158|0x0000000714c00000, 0x0000000714c00000, 0x0000000714d00000|  0%| F|  |TAMS 0x0000000714c00000, 0x0000000714c00000| Untracked 
| 159|0x0000000714d00000, 0x0000000714d00000, 0x0000000714e00000|  0%| F|  |TAMS 0x0000000714d00000, 0x0000000714d00000| Untracked 
| 160|0x0000000714e00000, 0x0000000714e00000, 0x0000000714f00000|  0%| F|  |TAMS 0x0000000714e00000, 0x0000000714e00000| Untracked 
| 161|0x0000000714f00000, 0x0000000714f00000, 0x0000000715000000|  0%| F|  |TAMS 0x0000000714f00000, 0x0000000714f00000| Untracked 
| 162|0x0000000715000000, 0x0000000715000000, 0x0000000715100000|  0%| F|  |TAMS 0x0000000715000000, 0x0000000715000000| Untracked 
| 163|0x0000000715100000, 0x0000000715100000, 0x0000000715200000|  0%| F|  |TAMS 0x0000000715100000, 0x0000000715100000| Untracked 
| 164|0x0000000715200000, 0x0000000715200000, 0x0000000715300000|  0%| F|  |TAMS 0x0000000715200000, 0x0000000715200000| Untracked 
| 165|0x0000000715300000, 0x0000000715300000, 0x0000000715400000|  0%| F|  |TAMS 0x0000000715300000, 0x0000000715300000| Untracked 
| 166|0x0000000715400000, 0x0000000715400000, 0x0000000715500000|  0%| F|  |TAMS 0x0000000715400000, 0x0000000715400000| Untracked 
| 167|0x0000000715500000, 0x0000000715500000, 0x0000000715600000|  0%| F|  |TAMS 0x0000000715500000, 0x0000000715500000| Untracked 
| 168|0x0000000715600000, 0x0000000715600000, 0x0000000715700000|  0%| F|  |TAMS 0x0000000715600000, 0x0000000715600000| Untracked 
| 169|0x0000000715700000, 0x0000000715700000, 0x0000000715800000|  0%| F|  |TAMS 0x0000000715700000, 0x0000000715700000| Untracked 
| 170|0x0000000715800000, 0x0000000715800000, 0x0000000715900000|  0%| F|  |TAMS 0x0000000715800000, 0x0000000715800000| Untracked 
| 171|0x0000000715900000, 0x0000000715900000, 0x0000000715a00000|  0%| F|  |TAMS 0x0000000715900000, 0x0000000715900000| Untracked 
| 172|0x0000000715a00000, 0x0000000715a00000, 0x0000000715b00000|  0%| F|  |TAMS 0x0000000715a00000, 0x0000000715a00000| Untracked 
| 173|0x0000000715b00000, 0x0000000715b00000, 0x0000000715c00000|  0%| F|  |TAMS 0x0000000715b00000, 0x0000000715b00000| Untracked 
| 174|0x0000000715c00000, 0x0000000715c00000, 0x0000000715d00000|  0%| F|  |TAMS 0x0000000715c00000, 0x0000000715c00000| Untracked 
| 175|0x0000000715d00000, 0x0000000715d00000, 0x0000000715e00000|  0%| F|  |TAMS 0x0000000715d00000, 0x0000000715d00000| Untracked 
| 176|0x0000000715e00000, 0x0000000715e00000, 0x0000000715f00000|  0%| F|  |TAMS 0x0000000715e00000, 0x0000000715e00000| Untracked 
| 177|0x0000000715f00000, 0x0000000715f00000, 0x0000000716000000|  0%| F|  |TAMS 0x0000000715f00000, 0x0000000715f00000| Untracked 
| 178|0x0000000716000000, 0x0000000716000000, 0x0000000716100000|  0%| F|  |TAMS 0x0000000716000000, 0x0000000716000000| Untracked 
| 179|0x0000000716100000, 0x0000000716100000, 0x0000000716200000|  0%| F|  |TAMS 0x0000000716100000, 0x0000000716100000| Untracked 
| 180|0x0000000716200000, 0x0000000716200000, 0x0000000716300000|  0%| F|  |TAMS 0x0000000716200000, 0x0000000716200000| Untracked 
| 181|0x0000000716300000, 0x0000000716300000, 0x0000000716400000|  0%| F|  |TAMS 0x0000000716300000, 0x0000000716300000| Untracked 
| 182|0x0000000716400000, 0x0000000716400000, 0x0000000716500000|  0%| F|  |TAMS 0x0000000716400000, 0x0000000716400000| Untracked 
| 183|0x0000000716500000, 0x0000000716500000, 0x0000000716600000|  0%| F|  |TAMS 0x0000000716500000, 0x0000000716500000| Untracked 
| 184|0x0000000716600000, 0x0000000716600000, 0x0000000716700000|  0%| F|  |TAMS 0x0000000716600000, 0x0000000716600000| Untracked 
| 185|0x0000000716700000, 0x0000000716700000, 0x0000000716800000|  0%| F|  |TAMS 0x0000000716700000, 0x0000000716700000| Untracked 
| 186|0x0000000716800000, 0x0000000716800000, 0x0000000716900000|  0%| F|  |TAMS 0x0000000716800000, 0x0000000716800000| Untracked 
| 187|0x0000000716900000, 0x0000000716900000, 0x0000000716a00000|  0%| F|  |TAMS 0x0000000716900000, 0x0000000716900000| Untracked 
| 188|0x0000000716a00000, 0x0000000716a00000, 0x0000000716b00000|  0%| F|  |TAMS 0x0000000716a00000, 0x0000000716a00000| Untracked 
| 189|0x0000000716b00000, 0x0000000716b00000, 0x0000000716c00000|  0%| F|  |TAMS 0x0000000716b00000, 0x0000000716b00000| Untracked 
| 190|0x0000000716c00000, 0x0000000716c00000, 0x0000000716d00000|  0%| F|  |TAMS 0x0000000716c00000, 0x0000000716c00000| Untracked 
| 191|0x0000000716d00000, 0x0000000716d00000, 0x0000000716e00000|  0%| F|  |TAMS 0x0000000716d00000, 0x0000000716d00000| Untracked 
| 192|0x0000000716e00000, 0x0000000716e00000, 0x0000000716f00000|  0%| F|  |TAMS 0x0000000716e00000, 0x0000000716e00000| Untracked 
| 193|0x0000000716f00000, 0x0000000716f00000, 0x0000000717000000|  0%| F|  |TAMS 0x0000000716f00000, 0x0000000716f00000| Untracked 
| 194|0x0000000717000000, 0x0000000717000000, 0x0000000717100000|  0%| F|  |TAMS 0x0000000717000000, 0x0000000717000000| Untracked 
| 195|0x0000000717100000, 0x0000000717100000, 0x0000000717200000|  0%| F|  |TAMS 0x0000000717100000, 0x0000000717100000| Untracked 
| 196|0x0000000717200000, 0x0000000717200000, 0x0000000717300000|  0%| F|  |TAMS 0x0000000717200000, 0x0000000717200000| Untracked 
| 197|0x0000000717300000, 0x0000000717300000, 0x0000000717400000|  0%| F|  |TAMS 0x0000000717300000, 0x0000000717300000| Untracked 
| 198|0x0000000717400000, 0x0000000717400000, 0x0000000717500000|  0%| F|  |TAMS 0x0000000717400000, 0x0000000717400000| Untracked 
| 199|0x0000000717500000, 0x0000000717500000, 0x0000000717600000|  0%| F|  |TAMS 0x0000000717500000, 0x0000000717500000| Untracked 
| 200|0x0000000717600000, 0x0000000717600000, 0x0000000717700000|  0%| F|  |TAMS 0x0000000717600000, 0x0000000717600000| Untracked 
| 201|0x0000000717700000, 0x0000000717700000, 0x0000000717800000|  0%| F|  |TAMS 0x0000000717700000, 0x0000000717700000| Untracked 
| 202|0x0000000717800000, 0x0000000717800000, 0x0000000717900000|  0%| F|  |TAMS 0x0000000717800000, 0x0000000717800000| Untracked 
| 203|0x0000000717900000, 0x0000000717900000, 0x0000000717a00000|  0%| F|  |TAMS 0x0000000717900000, 0x0000000717900000| Untracked 
| 204|0x0000000717a00000, 0x0000000717a00000, 0x0000000717b00000|  0%| F|  |TAMS 0x0000000717a00000, 0x0000000717a00000| Untracked 
| 205|0x0000000717b00000, 0x0000000717b00000, 0x0000000717c00000|  0%| F|  |TAMS 0x0000000717b00000, 0x0000000717b00000| Untracked 
| 206|0x0000000717c00000, 0x0000000717c00000, 0x0000000717d00000|  0%| F|  |TAMS 0x0000000717c00000, 0x0000000717c00000| Untracked 
| 207|0x0000000717d00000, 0x0000000717d00000, 0x0000000717e00000|  0%| F|  |TAMS 0x0000000717d00000, 0x0000000717d00000| Untracked 
| 208|0x0000000717e00000, 0x0000000717e00000, 0x0000000717f00000|  0%| F|  |TAMS 0x0000000717e00000, 0x0000000717e00000| Untracked 
| 209|0x0000000717f00000, 0x0000000717f00000, 0x0000000718000000|  0%| F|  |TAMS 0x0000000717f00000, 0x0000000717f00000| Untracked 
| 210|0x0000000718000000, 0x0000000718000000, 0x0000000718100000|  0%| F|  |TAMS 0x0000000718000000, 0x0000000718000000| Untracked 
| 211|0x0000000718100000, 0x0000000718100000, 0x0000000718200000|  0%| F|  |TAMS 0x0000000718100000, 0x0000000718100000| Untracked 
| 212|0x0000000718200000, 0x0000000718237dc0, 0x0000000718300000| 21%| S|CS|TAMS 0x0000000718200000, 0x0000000718200000| Complete 
| 213|0x0000000718300000, 0x0000000718400000, 0x0000000718400000|100%| S|CS|TAMS 0x0000000718300000, 0x0000000718300000| Complete 
| 214|0x0000000718400000, 0x0000000718500000, 0x0000000718500000|100%| S|CS|TAMS 0x0000000718400000, 0x0000000718400000| Complete 
| 215|0x0000000718500000, 0x0000000718600000, 0x0000000718600000|100%| S|CS|TAMS 0x0000000718500000, 0x0000000718500000| Complete 
| 216|0x0000000718600000, 0x0000000718600000, 0x0000000718700000|  0%| F|  |TAMS 0x0000000718600000, 0x0000000718600000| Untracked 
| 217|0x0000000718700000, 0x0000000718700000, 0x0000000718800000|  0%| F|  |TAMS 0x0000000718700000, 0x0000000718700000| Untracked 
| 218|0x0000000718800000, 0x0000000718800000, 0x0000000718900000|  0%| F|  |TAMS 0x0000000718800000, 0x0000000718800000| Untracked 
| 219|0x0000000718900000, 0x0000000718900000, 0x0000000718a00000|  0%| F|  |TAMS 0x0000000718900000, 0x0000000718900000| Untracked 
| 220|0x0000000718a00000, 0x0000000718a00000, 0x0000000718b00000|  0%| F|  |TAMS 0x0000000718a00000, 0x0000000718a00000| Untracked 
| 221|0x0000000718b00000, 0x0000000718b00000, 0x0000000718c00000|  0%| F|  |TAMS 0x0000000718b00000, 0x0000000718b00000| Untracked 
| 222|0x0000000718c00000, 0x0000000718c00000, 0x0000000718d00000|  0%| F|  |TAMS 0x0000000718c00000, 0x0000000718c00000| Untracked 
| 223|0x0000000718d00000, 0x0000000718d00000, 0x0000000718e00000|  0%| F|  |TAMS 0x0000000718d00000, 0x0000000718d00000| Untracked 
| 224|0x0000000718e00000, 0x0000000718e00000, 0x0000000718f00000|  0%| F|  |TAMS 0x0000000718e00000, 0x0000000718e00000| Untracked 
| 225|0x0000000718f00000, 0x0000000718f00000, 0x0000000719000000|  0%| F|  |TAMS 0x0000000718f00000, 0x0000000718f00000| Untracked 
| 226|0x0000000719000000, 0x0000000719000000, 0x0000000719100000|  0%| F|  |TAMS 0x0000000719000000, 0x0000000719000000| Untracked 
| 227|0x0000000719100000, 0x0000000719100000, 0x0000000719200000|  0%| F|  |TAMS 0x0000000719100000, 0x0000000719100000| Untracked 
| 228|0x0000000719200000, 0x0000000719200000, 0x0000000719300000|  0%| F|  |TAMS 0x0000000719200000, 0x0000000719200000| Untracked 
| 229|0x0000000719300000, 0x0000000719300000, 0x0000000719400000|  0%| F|  |TAMS 0x0000000719300000, 0x0000000719300000| Untracked 
| 230|0x0000000719400000, 0x0000000719400000, 0x0000000719500000|  0%| F|  |TAMS 0x0000000719400000, 0x0000000719400000| Untracked 
| 231|0x0000000719500000, 0x0000000719500000, 0x0000000719600000|  0%| F|  |TAMS 0x0000000719500000, 0x0000000719500000| Untracked 
| 232|0x0000000719600000, 0x0000000719600000, 0x0000000719700000|  0%| F|  |TAMS 0x0000000719600000, 0x0000000719600000| Untracked 
| 233|0x0000000719700000, 0x0000000719700000, 0x0000000719800000|  0%| F|  |TAMS 0x0000000719700000, 0x0000000719700000| Untracked 
| 234|0x0000000719800000, 0x0000000719800000, 0x0000000719900000|  0%| F|  |TAMS 0x0000000719800000, 0x0000000719800000| Untracked 
| 235|0x0000000719900000, 0x0000000719900000, 0x0000000719a00000|  0%| F|  |TAMS 0x0000000719900000, 0x0000000719900000| Untracked 
| 236|0x0000000719a00000, 0x0000000719a00000, 0x0000000719b00000|  0%| F|  |TAMS 0x0000000719a00000, 0x0000000719a00000| Untracked 
| 237|0x0000000719b00000, 0x0000000719b00000, 0x0000000719c00000|  0%| F|  |TAMS 0x0000000719b00000, 0x0000000719b00000| Untracked 
| 238|0x0000000719c00000, 0x0000000719c00000, 0x0000000719d00000|  0%| F|  |TAMS 0x0000000719c00000, 0x0000000719c00000| Untracked 
| 239|0x0000000719d00000, 0x0000000719d80800, 0x0000000719e00000| 50%| E|  |TAMS 0x0000000719d00000, 0x0000000719d00000| Complete 
| 240|0x0000000719e00000, 0x0000000719f00000, 0x0000000719f00000|100%| E|CS|TAMS 0x0000000719e00000, 0x0000000719e00000| Complete 
| 241|0x0000000719f00000, 0x000000071a000000, 0x000000071a000000|100%| E|CS|TAMS 0x0000000719f00000, 0x0000000719f00000| Complete 
| 242|0x000000071a000000, 0x000000071a100000, 0x000000071a100000|100%| E|CS|TAMS 0x000000071a000000, 0x000000071a000000| Complete 
| 243|0x000000071a100000, 0x000000071a200000, 0x000000071a200000|100%| E|CS|TAMS 0x000000071a100000, 0x000000071a100000| Complete 
| 244|0x000000071a200000, 0x000000071a300000, 0x000000071a300000|100%| E|CS|TAMS 0x000000071a200000, 0x000000071a200000| Complete 
| 245|0x000000071a300000, 0x000000071a400000, 0x000000071a400000|100%| E|CS|TAMS 0x000000071a300000, 0x000000071a300000| Complete 

Card table byte_map: [0x000002669e740000,0x000002669eef0000] _byte_map_base: 0x000002669aee9000

Marking Bits (Prev, Next): (CMBitMap*) 0x000002668630ebb0, (CMBitMap*) 0x000002668630eb78
 Prev Bits: [0x00000266a33f0000, 0x00000266a7138000)
 Next Bits: [0x000002669f6a0000, 0x00000266a33e8000)

Polling page: 0x00000266842a0000

Metaspace:

Usage:
  Non-class:     22.77 MB capacity,    22.40 MB ( 98%) used,   304.11 KB (  1%) free+waste,    68.44 KB ( <1%) overhead. 
      Class:      3.02 MB capacity,     2.78 MB ( 92%) used,   214.23 KB (  7%) free+waste,    32.94 KB (  1%) overhead. 
       Both:     25.79 MB capacity,    25.18 MB ( 98%) used,   518.34 KB (  2%) free+waste,   101.38 KB ( <1%) overhead. 

Virtual space:
  Non-class space:       24.00 MB reserved,      22.92 MB ( 96%) committed 
      Class space:        1.00 GB reserved,       3.12 MB ( <1%) committed 
             Both:        1.02 GB reserved,      26.05 MB (  2%) committed 

Chunk freelists:
   Non-Class:  31.00 KB
       Class:  12.00 KB
        Both:  43.00 KB

MaxMetaspaceSize: 17179869184.00 GB
CompressedClassSpaceSize: 1.00 GB
Initial GC threshold: 20.80 MB
Current GC threshold: 35.08 MB
CDS: off

CodeHeap 'non-profiled nmethods': size=120000Kb used=915Kb max_used=915Kb free=119084Kb
 bounds [0x0000026696510000, 0x0000026696780000, 0x000002669da40000]
CodeHeap 'profiled nmethods': size=120000Kb used=4598Kb max_used=4598Kb free=115401Kb
 bounds [0x000002668efe0000, 0x000002668f460000, 0x0000026696510000]
CodeHeap 'non-nmethods': size=5760Kb used=1186Kb max_used=1211Kb free=4573Kb
 bounds [0x000002668ea40000, 0x000002668ecb0000, 0x000002668efe0000]
 total_blobs=2738 nmethods=2291 adapters=359
 compilation: enabled
              stopped_count=0, restarted_count=0
 full_count=0

Compilation events (20 events):
Event: 1.303 Thread 0x00000266aa813800 2241       3       org.springframework.beans.factory.support.DefaultSingletonBeanRegistry::containsSingleton (11 bytes)
Event: 1.303 Thread 0x00000266aa813800 nmethod 2241 0x000002668f431f90 code [0x000002668f432140, 0x000002668f432308]
Event: 1.303 Thread 0x00000266aa813800 2242       3       java.util.IdentityHashMap::hash (18 bytes)
Event: 1.303 Thread 0x00000266aa813800 nmethod 2242 0x000002668f432410 code [0x000002668f4325c0, 0x000002668f4326e8]
Event: 1.303 Thread 0x00000266aa813800 2243       3       org.springframework.util.ObjectUtils::isEmpty (15 bytes)
Event: 1.303 Thread 0x00000266aa813800 nmethod 2243 0x000002668f432790 code [0x000002668f432940, 0x000002668f432ab8]
Event: 1.303 Thread 0x00000266aa813800 2244       3       java.util.RegularEnumSet::size (8 bytes)
Event: 1.303 Thread 0x00000266aa813800 nmethod 2244 0x000002668f432b90 code [0x000002668f432d40, 0x000002668f432e68]
Event: 1.305 Thread 0x00000266aa813800 2245       3       java.util.IdentityHashMap::get (60 bytes)
Event: 1.305 Thread 0x00000266aa813800 nmethod 2245 0x000002668f432f10 code [0x000002668f433100, 0x000002668f433568]
Event: 1.305 Thread 0x00000266aa813800 2246       1       org.springframework.core.type.classreading.SimpleMethodMetadata::getAnnotations (5 bytes)
Event: 1.306 Thread 0x00000266aa813800 nmethod 2246 0x00000266965ee410 code [0x00000266965ee5c0, 0x00000266965ee678]
Event: 1.309 Thread 0x00000266aa813800 2248       3       org.springframework.context.annotation.ConfigurationClass::hashCode (13 bytes)
Event: 1.309 Thread 0x00000266aa813800 nmethod 2248 0x000002668f433790 code [0x000002668f433960, 0x000002668f433b78]
Event: 1.309 Thread 0x00000266aa813800 2249       3       org.springframework.core.annotation.TypeMappedAnnotation::adaptForAttribute (294 bytes)
Event: 1.312 Thread 0x00000266aa813800 nmethod 2249 0x000002668f433c90 code [0x000002668f434220, 0x000002668f436ce8]
Event: 1.312 Thread 0x00000266aa813800 2251       1       org.springframework.beans.factory.support.RootBeanDefinition::getDecoratedDefinition (5 bytes)
Event: 1.312 Thread 0x00000266aa813800 nmethod 2251 0x00000266965ee710 code [0x00000266965ee8c0, 0x00000266965ee978]
Event: 1.312 Thread 0x00000266aa813800 2250       3       org.springframework.core.annotation.TypeMappedAnnotation::getAdaptType (48 bytes)
Event: 1.312 Thread 0x00000266aa813800 nmethod 2250 0x000002668f437910 code [0x000002668f437b40, 0x000002668f4380e8]

GC Heap History (6 events):
Event: 0.637 GC heap before
{Heap before GC invocations=0 (full 0):
 garbage-first heap   total 251904K, used 23552K [0x000000070ae00000, 0x0000000800000000)
  region size 1024K, 24 young (24576K), 0 survivors (0K)
 Metaspace       used 15206K, capacity 15460K, committed 15488K, reserved 1062912K
  class space    used 1522K, capacity 1637K, committed 1664K, reserved 1048576K
}
Event: 0.641 GC heap after
{Heap after GC invocations=1 (full 0):
 garbage-first heap   total 251904K, used 5225K [0x000000070ae00000, 0x0000000800000000)
  region size 1024K, 3 young (3072K), 3 survivors (3072K)
 Metaspace       used 15206K, capacity 15460K, committed 15488K, reserved 1062912K
  class space    used 1522K, capacity 1637K, committed 1664K, reserved 1048576K
}
Event: 0.878 GC heap before
{Heap before GC invocations=1 (full 0):
 garbage-first heap   total 251904K, used 26729K [0x000000070ae00000, 0x0000000800000000)
  region size 1024K, 25 young (25600K), 3 survivors (3072K)
 Metaspace       used 20779K, capacity 21191K, committed 21296K, reserved 1069056K
  class space    used 2205K, capacity 2381K, committed 2432K, reserved 1048576K
}
Event: 0.882 GC heap after
{Heap after GC invocations=2 (full 0):
 garbage-first heap   total 251904K, used 6238K [0x000000070ae00000, 0x0000000800000000)
  region size 1024K, 4 young (4096K), 4 survivors (4096K)
 Metaspace       used 20779K, capacity 21191K, committed 21296K, reserved 1069056K
  class space    used 2205K, capacity 2381K, committed 2432K, reserved 1048576K
}
Event: 1.250 GC heap before
{Heap before GC invocations=3 (full 0):
 garbage-first heap   total 251904K, used 31838K [0x000000070ae00000, 0x0000000800000000)
  region size 1024K, 30 young (30720K), 4 survivors (4096K)
 Metaspace       used 25083K, capacity 25660K, committed 25776K, reserved 1073152K
  class space    used 2762K, capacity 2977K, committed 3072K, reserved 1048576K
}
Event: 1.254 GC heap after
{Heap after GC invocations=4 (full 0):
 garbage-first heap   total 251904K, used 8232K [0x000000070ae00000, 0x0000000800000000)
  region size 1024K, 4 young (4096K), 4 survivors (4096K)
 Metaspace       used 25083K, capacity 25660K, committed 25776K, reserved 1073152K
  class space    used 2762K, capacity 2977K, committed 3072K, reserved 1048576K
}

Deoptimization events (20 events):
Event: 1.275 Thread 0x00000266862ac000 DEOPT PACKING pc=0x000002668f21be4b sp=0x0000006f96afd950
Event: 1.275 Thread 0x00000266862ac000 DEOPT UNPACKING pc=0x000002668ea8a95e sp=0x0000006f96afce90 mode 0
Event: 1.292 Thread 0x00000266862ac000 DEOPT PACKING pc=0x000002668f21be4b sp=0x0000006f96afe070
Event: 1.292 Thread 0x00000266862ac000 DEOPT UNPACKING pc=0x000002668ea8a95e sp=0x0000006f96afd5b0 mode 0
Event: 1.299 Thread 0x00000266862ac000 Uncommon trap: trap_request=0xffffffde fr.pc=0x000002669651b568 relative=0x00000000000001c8
Event: 1.299 Thread 0x00000266862ac000 Uncommon trap: reason=class_check action=maybe_recompile pc=0x000002669651b568 method=java.lang.String.equals(Ljava/lang/Object;)Z @ 8 c2
Event: 1.299 Thread 0x00000266862ac000 DEOPT PACKING pc=0x000002669651b568 sp=0x0000006f96afe910
Event: 1.299 Thread 0x00000266862ac000 DEOPT UNPACKING pc=0x000002668ea8a1af sp=0x0000006f96afe8a8 mode 2
Event: 1.299 Thread 0x00000266862ac000 Uncommon trap: trap_request=0xffffffde fr.pc=0x000002669651b568 relative=0x00000000000001c8
Event: 1.299 Thread 0x00000266862ac000 Uncommon trap: reason=class_check action=maybe_recompile pc=0x000002669651b568 method=java.lang.String.equals(Ljava/lang/Object;)Z @ 8 c2
Event: 1.299 Thread 0x00000266862ac000 DEOPT PACKING pc=0x000002669651b568 sp=0x0000006f96afe910
Event: 1.299 Thread 0x00000266862ac000 DEOPT UNPACKING pc=0x000002668ea8a1af sp=0x0000006f96afe8a8 mode 2
Event: 1.299 Thread 0x00000266862ac000 Uncommon trap: trap_request=0xffffffde fr.pc=0x000002669651b568 relative=0x00000000000001c8
Event: 1.300 Thread 0x00000266862ac000 Uncommon trap: reason=class_check action=maybe_recompile pc=0x000002669651b568 method=java.lang.String.equals(Ljava/lang/Object;)Z @ 8 c2
Event: 1.300 Thread 0x00000266862ac000 DEOPT PACKING pc=0x000002669651b568 sp=0x0000006f96afe910
Event: 1.300 Thread 0x00000266862ac000 DEOPT UNPACKING pc=0x000002668ea8a1af sp=0x0000006f96afe8a8 mode 2
Event: 1.300 Thread 0x00000266862ac000 Uncommon trap: trap_request=0xffffffde fr.pc=0x000002669651b568 relative=0x00000000000001c8
Event: 1.300 Thread 0x00000266862ac000 Uncommon trap: reason=class_check action=maybe_recompile pc=0x000002669651b568 method=java.lang.String.equals(Ljava/lang/Object;)Z @ 8 c2
Event: 1.300 Thread 0x00000266862ac000 DEOPT PACKING pc=0x000002669651b568 sp=0x0000006f96afe540
Event: 1.300 Thread 0x00000266862ac000 DEOPT UNPACKING pc=0x000002668ea8a1af sp=0x0000006f96afe4d8 mode 2

Classes redefined (0 events):
No events

Internal exceptions (20 events):
Event: 0.963 Thread 0x00000266ab8fd800 Exception <a 'java/lang/NoSuchMethodError'{0x0000000719a7dc40}: 'long java.lang.invoke.DirectMethodHandle$Holder.invokeSpecial(java.lang.Object, java.lang.Object)'> (0x0000000719a7dc40) thrown at [s\src\hotspot\share\interpreter\linkResolver.cpp, line 773]
Event: 0.965 Thread 0x00000266ab8fd800 Exception <a 'java/lang/NoSuchMethodError'{0x0000000719a883f8}: 'long java.lang.invoke.DirectMethodHandle$Holder.invokeStatic(java.lang.Object, java.lang.Object)'> (0x0000000719a883f8) thrown at [s\src\hotspot\share\interpreter\linkResolver.cpp, line 773]
Event: 0.965 Thread 0x00000266ab8fd800 Exception <a 'java/lang/NoSuchMethodError'{0x0000000719a8b220}: 'long java.lang.invoke.DirectMethodHandle$Holder.invokeStaticInit(java.lang.Object, java.lang.Object)'> (0x0000000719a8b220) thrown at [s\src\hotspot\share\interpreter\linkResolver.cpp, line 773]
Event: 0.967 Thread 0x00000266ab8fd800 Exception <a 'java/lang/NoSuchMethodError'{0x0000000719907ba8}: 'long java.lang.invoke.DirectMethodHandle$Holder.invokeInterface(java.lang.Object, java.lang.Object)'> (0x0000000719907ba8) thrown at [s\src\hotspot\share\interpreter\linkResolver.cpp, line 773]
Event: 0.967 Thread 0x00000266ab8fd800 Exception <a 'java/lang/IncompatibleClassChangeError'{0x000000071990a940}: Found class java.lang.Object, but interface was expected> (0x000000071990a940) thrown at [s\src\hotspot\share\interpreter\linkResolver.cpp, line 839]
Event: 0.974 Thread 0x00000266862ac000 Exception <a 'java/lang/ClassNotFoundException'{0x0000000719ade560}: org/springframework/beans/factory/support/BeanDefinitionRegistryPostProcessorCustomizer> (0x0000000719ade560) thrown at [s\src\hotspot\share\classfile\systemDictionary.cpp, line 230]
Event: 0.975 Thread 0x00000266862ac000 Exception <a 'java/lang/ClassNotFoundException'{0x0000000719ae8908}: org/springframework/beans/factory/config/BeanFactoryPostProcessorCustomizer> (0x0000000719ae8908) thrown at [s\src\hotspot\share\classfile\systemDictionary.cpp, line 230]
Event: 0.975 Thread 0x00000266862ac000 Exception <a 'java/lang/ClassNotFoundException'{0x0000000719af1368}: org/springframework/core/PriorityOrderedCustomizer> (0x0000000719af1368) thrown at [s\src\hotspot\share\classfile\systemDictionary.cpp, line 230]
Event: 0.975 Thread 0x00000266862ac000 Exception <a 'java/lang/ClassNotFoundException'{0x0000000719af8480}: org/springframework/core/OrderedCustomizer> (0x0000000719af8480) thrown at [s\src\hotspot\share\classfile\systemDictionary.cpp, line 230]
Event: 0.976 Thread 0x00000266862ac000 Exception <a 'java/lang/ClassNotFoundException'{0x00000007199906d8}: org/springframework/context/ResourceLoaderAwareCustomizer> (0x00000007199906d8) thrown at [s\src\hotspot\share\classfile\systemDictionary.cpp, line 230]
Event: 0.976 Thread 0x00000266862ac000 Exception <a 'java/lang/ClassNotFoundException'{0x0000000719998e50}: org/springframework/beans/factory/AwareCustomizer> (0x0000000719998e50) thrown at [s\src\hotspot\share\classfile\systemDictionary.cpp, line 230]
Event: 0.977 Thread 0x00000266862ac000 Exception <a 'java/lang/ClassNotFoundException'{0x00000007199a13f8}: org/springframework/beans/factory/BeanClassLoaderAwareCustomizer> (0x00000007199a13f8) thrown at [s\src\hotspot\share\classfile\systemDictionary.cpp, line 230]
Event: 0.977 Thread 0x00000266862ac000 Exception <a 'java/lang/ClassNotFoundException'{0x00000007199a9b88}: org/springframework/beans/factory/AwareCustomizer> (0x00000007199a9b88) thrown at [s\src\hotspot\share\classfile\systemDictionary.cpp, line 230]
Event: 0.977 Thread 0x00000266862ac000 Exception <a 'java/lang/ClassNotFoundException'{0x00000007199b1800}: org/springframework/context/EnvironmentAwareCustomizer> (0x00000007199b1800) thrown at [s\src\hotspot\share\classfile\systemDictionary.cpp, line 230]
Event: 0.978 Thread 0x00000266862ac000 Exception <a 'java/lang/ClassNotFoundException'{0x00000007199b9ee0}: org/springframework/beans/factory/AwareCustomizer> (0x00000007199b9ee0) thrown at [s\src\hotspot\share\classfile\systemDictionary.cpp, line 230]
Event: 0.978 Thread 0x00000266ab8fd800 Exception <a 'java/lang/NoSuchMethodError'{0x0000000719988e20}: 'java.lang.Object java.lang.invoke.DirectMethodHandle$Holder.invokeVirtual(java.lang.Object, java.lang.Object, java.lang.Object, java.lang.Object)'> (0x0000000719988e20) thrown at [s\src\hotspot\share\interpreter\linkResolver.cpp, line 773]
Event: 1.096 Thread 0x00000266862ac000 Exception <a 'java/lang/NoSuchMethodError'{0x0000000719401388}: 'int java.lang.invoke.DirectMethodHandle$Holder.invokeSpecialIFC(java.lang.Object, java.lang.Object, java.lang.Object, java.lang.Object)'> (0x0000000719401388) thrown at [s\src\hotspot\share\interpreter\linkResolver.cpp, line 773]
Event: 1.151 Thread 0x00000266862ac000 Exception <a 'java/lang/IncompatibleClassChangeError'{0x0000000719039e40}: Found class java.lang.Object, but interface was expected> (0x0000000719039e40) thrown at [s\src\hotspot\share\interpreter\linkResolver.cpp, line 839]
Event: 1.169 Thread 0x00000266862ac000 Exception <a 'java/lang/NoSuchMethodError'{0x0000000718f22488}: 'void java.lang.invoke.DirectMethodHandle$Holder.invokeStatic(java.lang.Object, java.lang.Object, java.lang.Object, java.lang.Object, java.lang.Object)'> (0x0000000718f22488) thrown at [s\src\hotspot\share\interpreter\linkResolver.cpp, line 773]
Event: 1.177 Thread 0x00000266862ac000 Exception <a 'java/lang/NoSuchMethodError'{0x0000000718f851a0}: 'void java.lang.invoke.DirectMethodHandle$Holder.invokeInterface(java.lang.Object, java.lang.Object, java.lang.Object, java.lang.Object)'> (0x0000000718f851a0) thrown at [s\src\hotspot\share\interpreter\linkResolver.cpp, line 773]

Events (20 events):
Event: 1.312 loading class org/apache/shiro/session/mgt/SessionManager
Event: 1.312 loading class org/apache/shiro/session/mgt/SessionManager done
Event: 1.313 loading class com/hysea/config/shiro/realm/CustomRealm
Event: 1.313 loading class com/hysea/config/shiro/realm/CustomRealm done
Event: 1.313 loading class org/apache/shiro/realm/AuthorizingRealm
Event: 1.313 loading class org/apache/shiro/realm/AuthorizingRealm done
Event: 1.313 loading class org/apache/shiro/util/Initializable
Event: 1.313 loading class org/apache/shiro/util/Initializable done
Event: 1.314 loading class org/apache/shiro/authz/permission/PermissionResolverAware
Event: 1.314 loading class org/apache/shiro/authz/permission/PermissionResolverAware done
Event: 1.314 loading class org/apache/shiro/authz/permission/RolePermissionResolverAware
Event: 1.314 loading class org/apache/shiro/authz/permission/RolePermissionResolverAware done
Event: 1.314 loading class org/apache/shiro/realm/AuthenticatingRealm
Event: 1.314 loading class org/apache/shiro/realm/AuthenticatingRealm done
Event: 1.314 loading class org/apache/shiro/realm/CachingRealm
Event: 1.314 loading class org/apache/shiro/realm/CachingRealm done
Event: 1.315 loading class org/apache/shiro/util/Nameable
Event: 1.315 loading class org/apache/shiro/util/Nameable done
Event: 1.315 loading class org/apache/shiro/cache/CacheManagerAware
Event: 1.315 loading class org/apache/shiro/cache/CacheManagerAware done


Dynamic libraries:
0x00007ff6fe530000 - 0x00007ff6fe53e000 	D:\idea\.jdks\corretto-11.0.24\bin\java.exe
0x00007ffa7ffd0000 - 0x00007ffa801e7000 	C:\WINDOWS\SYSTEM32\ntdll.dll
0x00007ffa7f3b0000 - 0x00007ffa7f474000 	C:\WINDOWS\System32\KERNEL32.DLL
0x00007ffa7d410000 - 0x00007ffa7d7c9000 	C:\WINDOWS\System32\KERNELBASE.dll
0x00007ffa7d7d0000 - 0x00007ffa7d8e1000 	C:\WINDOWS\System32\ucrtbase.dll
0x00007ffa63a30000 - 0x00007ffa63a47000 	D:\idea\.jdks\corretto-11.0.24\bin\jli.dll
0x00007ffa64250000 - 0x00007ffa6426b000 	D:\idea\.jdks\corretto-11.0.24\bin\VCRUNTIME140.dll
0x00007ffa7f5a0000 - 0x00007ffa7f74e000 	C:\WINDOWS\System32\USER32.dll
0x00007ffa7d8f0000 - 0x00007ffa7d916000 	C:\WINDOWS\System32\win32u.dll
0x00007ffa65420000 - 0x00007ffa656b2000 	C:\WINDOWS\WinSxS\amd64_microsoft.windows.common-controls_6595b64144ccf1df_6.0.22621.4391_none_2715d37f73803e96\COMCTL32.dll
0x00007ffa7f2c0000 - 0x00007ffa7f2e9000 	C:\WINDOWS\System32\GDI32.dll
0x00007ffa7dbd0000 - 0x00007ffa7dceb000 	C:\WINDOWS\System32\gdi32full.dll
0x00007ffa7ea20000 - 0x00007ffa7eac7000 	C:\WINDOWS\System32\msvcrt.dll
0x00007ffa7d2d0000 - 0x00007ffa7d36a000 	C:\WINDOWS\System32\msvcp_win.dll
0x00007ffa7e9e0000 - 0x00007ffa7ea11000 	C:\WINDOWS\System32\IMM32.DLL
0x00007ffa75ed0000 - 0x00007ffa75edc000 	D:\idea\.jdks\corretto-11.0.24\bin\vcruntime140_1.dll
0x00007ffa14850000 - 0x00007ffa148dd000 	D:\idea\.jdks\corretto-11.0.24\bin\msvcp140.dll
0x00007ff98a770000 - 0x00007ff98b335000 	D:\idea\.jdks\corretto-11.0.24\bin\server\jvm.dll
0x00007ffa7f2f0000 - 0x00007ffa7f3a2000 	C:\WINDOWS\System32\ADVAPI32.dll
0x00007ffa7def0000 - 0x00007ffa7df97000 	C:\WINDOWS\System32\sechost.dll
0x00007ffa7d370000 - 0x00007ffa7d398000 	C:\WINDOWS\System32\bcrypt.dll
0x00007ffa7ec90000 - 0x00007ffa7eda4000 	C:\WINDOWS\System32\RPCRT4.dll
0x00007ffa7edb0000 - 0x00007ffa7edb8000 	C:\WINDOWS\System32\PSAPI.DLL
0x00007ffa78610000 - 0x00007ffa78644000 	C:\WINDOWS\SYSTEM32\WINMM.dll
0x00007ffa610b0000 - 0x00007ffa610b9000 	C:\WINDOWS\SYSTEM32\WSOCK32.dll
0x00007ffa76390000 - 0x00007ffa7639a000 	C:\WINDOWS\SYSTEM32\VERSION.dll
0x00007ffa7f1b0000 - 0x00007ffa7f221000 	C:\WINDOWS\System32\WS2_32.dll
0x00007ffa7c310000 - 0x00007ffa7c328000 	C:\WINDOWS\SYSTEM32\kernel.appcore.dll
0x00007ffa68fc0000 - 0x00007ffa68fd0000 	D:\idea\.jdks\corretto-11.0.24\bin\verify.dll
0x00007ffa7ace0000 - 0x00007ffa7af12000 	C:\WINDOWS\SYSTEM32\DBGHELP.DLL
0x00007ffa7ee20000 - 0x00007ffa7f1af000 	C:\WINDOWS\System32\combase.dll
0x00007ffa7dcf0000 - 0x00007ffa7ddc7000 	C:\WINDOWS\System32\OLEAUT32.dll
0x00007ffa610c0000 - 0x00007ffa610f2000 	C:\WINDOWS\SYSTEM32\dbgcore.DLL
0x00007ffa7da90000 - 0x00007ffa7db0b000 	C:\WINDOWS\System32\bcryptPrimitives.dll
0x00007ffa4d500000 - 0x00007ffa4d528000 	D:\idea\.jdks\corretto-11.0.24\bin\java.dll
0x00007ffa68bb0000 - 0x00007ffa68bba000 	D:\idea\.jdks\corretto-11.0.24\bin\jimage.dll
0x00007ffa79810000 - 0x00007ffa7981e000 	D:\idea\.jdks\corretto-11.0.24\bin\instrument.dll
0x00007ffa4b950000 - 0x00007ffa4b968000 	D:\idea\.jdks\corretto-11.0.24\bin\zip.dll
0x00007ffa7dfa0000 - 0x00007ffa7e816000 	C:\WINDOWS\System32\SHELL32.dll
0x00007ffa7b210000 - 0x00007ffa7bb13000 	C:\WINDOWS\SYSTEM32\windows.storage.dll
0x00007ffa7b0d0000 - 0x00007ffa7b20f000 	C:\WINDOWS\SYSTEM32\wintypes.dll
0x00007ffa7ddd0000 - 0x00007ffa7dec9000 	C:\WINDOWS\System32\SHCORE.dll
0x00007ffa7fe70000 - 0x00007ffa7fece000 	C:\WINDOWS\System32\shlwapi.dll
0x00007ffa7d200000 - 0x00007ffa7d22b000 	C:\WINDOWS\SYSTEM32\profapi.dll
0x00007ffa4b930000 - 0x00007ffa4b949000 	D:\idea\.jdks\corretto-11.0.24\bin\net.dll
0x00007ffa79cc0000 - 0x00007ffa79df6000 	C:\WINDOWS\SYSTEM32\WINHTTP.dll
0x00007ffa7c790000 - 0x00007ffa7c7f9000 	C:\WINDOWS\system32\mswsock.dll
0x00007ffa4b7f0000 - 0x00007ffa4b802000 	D:\idea\.jdks\corretto-11.0.24\bin\nio.dll
0x00007ffa76f80000 - 0x00007ffa76f9a000 	E:\idea\IntelliJ IDEA Community Edition 2022.3.1\bin\breakgen64.dll
0x00007ffa788a0000 - 0x00007ffa788a9000 	D:\idea\.jdks\corretto-11.0.24\bin\management.dll
0x00007ffa76f30000 - 0x00007ffa76f3b000 	D:\idea\.jdks\corretto-11.0.24\bin\management_ext.dll
0x00007ffa4f1b0000 - 0x00007ffa4f1c7000 	C:\WINDOWS\system32\napinsp.dll
0x00007ffa4f190000 - 0x00007ffa4f1ab000 	C:\WINDOWS\system32\pnrpnsp.dll
0x00007ffa7bda0000 - 0x00007ffa7bea2000 	C:\WINDOWS\SYSTEM32\DNSAPI.dll
0x00007ffa7bd70000 - 0x00007ffa7bd9d000 	C:\WINDOWS\SYSTEM32\IPHLPAPI.DLL
0x00007ffa7ec30000 - 0x00007ffa7ec39000 	C:\WINDOWS\System32\NSI.dll
0x00007ffa4f170000 - 0x00007ffa4f181000 	C:\WINDOWS\System32\winrnr.dll
0x00007ffa4f150000 - 0x00007ffa4f165000 	C:\WINDOWS\system32\wshbth.dll
0x00007ffa4f0e0000 - 0x00007ffa4f107000 	C:\WINDOWS\system32\nlansp_c.dll
0x00007ffa789b0000 - 0x00007ffa789ba000 	C:\Windows\System32\rasadhlp.dll
0x00007ffa784a0000 - 0x00007ffa78523000 	C:\WINDOWS\System32\fwpuclnt.dll

dbghelp: loaded successfully - version: 4.0.5 - missing functions: none
symbol engine: initialized successfully - sym options: 0x614 - pdb path: .;D:\idea\.jdks\corretto-11.0.24\bin;C:\WINDOWS\SYSTEM32;C:\WINDOWS\WinSxS\amd64_microsoft.windows.common-controls_6595b64144ccf1df_6.0.22621.4391_none_2715d37f73803e96;D:\idea\.jdks\corretto-11.0.24\bin\server;E:\idea\IntelliJ IDEA Community Edition 2022.3.1\bin

VM Arguments:
jvm_args: -javaagent:E:\idea\IntelliJ IDEA Community Edition 2022.3.1\lib\idea_rt.jar=58974:E:\idea\IntelliJ IDEA Community Edition 2022.3.1\bin -Dfile.encoding=UTF-8 
java_command: com.hysea.Main
java_class_path (initial): D:\study\back-end\springboot\springboot+shiro\template\target\classes;E:\maven\maven-repository\org\springframework\boot\spring-boot-starter\2.6.5\spring-boot-starter-2.6.5.jar;E:\maven\maven-repository\org\springframework\boot\spring-boot\2.3.7.RELEASE\spring-boot-2.3.7.RELEASE.jar;E:\maven\maven-repository\org\springframework\spring-context\5.2.12.RELEASE\spring-context-5.2.12.RELEASE.jar;E:\maven\maven-repository\org\springframework\boot\spring-boot-autoconfigure\2.3.7.RELEASE\spring-boot-autoconfigure-2.3.7.RELEASE.jar;E:\maven\maven-repository\org\springframework\boot\spring-boot-starter-logging\2.3.7.RELEASE\spring-boot-starter-logging-2.3.7.RELEASE.jar;E:\maven\maven-repository\ch\qos\logback\logback-classic\1.2.3\logback-classic-1.2.3.jar;E:\maven\maven-repository\ch\qos\logback\logback-core\1.2.3\logback-core-1.2.3.jar;E:\maven\maven-repository\org\apache\logging\log4j\log4j-to-slf4j\2.13.3\log4j-to-slf4j-2.13.3.jar;E:\maven\maven-repository\org\apache\logging\log4j\log4j-api\2.13.3\log4j-api-2.13.3.jar;E:\maven\maven-repository\org\slf4j\jul-to-slf4j\1.7.30\jul-to-slf4j-1.7.30.jar;E:\maven\maven-repository\jakarta\annotation\jakarta.annotation-api\1.3.5\jakarta.annotation-api-1.3.5.jar;E:\maven\maven-repository\org\springframework\spring-core\5.2.12.RELEASE\spring-core-5.2.12.RELEASE.jar;E:\maven\maven-repository\org\springframework\spring-jcl\5.2.12.RELEASE\spring-jcl-5.2.12.RELEASE.jar;E:\maven\maven-repository\org\yaml\snakeyaml\1.26\snakeyaml-1.26.jar;E:\maven\maven-repository\org\springframework\boot\spring-boot-starter-web\2.3.7.RELEASE\spring-boot-starter-web-2.3.7.RELEASE.jar;E:\maven\maven-repository\org\springframework\boot\spring-boot-starter-json\2.3.7.RELEASE\spring-boot-starter-json-2.3.7.RELEASE.jar;E:\maven\maven-repository\com\fasterxml\jackson\core\jackson-databind\2.11.3\jackson-databind-2.11.3.jar;E:\maven\maven-repository\com\fasterxml\jackson\core\jackson-annotations\2.11.3\jackson-annotations-2.11.3.jar;E
Launcher Type: SUN_STANDARD

[Global flags]
     intx CICompilerCount                          = 4                                         {product} {ergonomic}
     uint ConcGCThreads                            = 3                                         {product} {ergonomic}
     uint G1ConcRefinementThreads                  = 10                                        {product} {ergonomic}
   size_t G1HeapRegionSize                         = 1048576                                   {product} {ergonomic}
    uintx GCDrainStackTargetSize                   = 64                                        {product} {ergonomic}
   size_t InitialHeapSize                          = 257949696                                 {product} {ergonomic}
   size_t MarkStackSize                            = 4194304                                   {product} {ergonomic}
   size_t MaxHeapSize                              = 4112515072                                {product} {ergonomic}
   size_t MaxNewSize                               = 2467299328                                {product} {ergonomic}
   size_t MinHeapDeltaBytes                        = 1048576                                   {product} {ergonomic}
    uintx NonNMethodCodeHeapSize                   = 5836300                                {pd product} {ergonomic}
    uintx NonProfiledCodeHeapSize                  = 122910970                              {pd product} {ergonomic}
    uintx ProfiledCodeHeapSize                     = 122910970                              {pd product} {ergonomic}
    uintx ReservedCodeCacheSize                    = 251658240                              {pd product} {ergonomic}
     bool SegmentedCodeCache                       = true                                      {product} {ergonomic}
     bool UseCompressedClassPointers               = true                                 {lp64_product} {ergonomic}
     bool UseCompressedOops                        = true                                 {lp64_product} {ergonomic}
     bool UseG1GC                                  = true                                      {product} {ergonomic}
     bool UseLargePagesIndividualAllocation        = false                                  {pd product} {ergonomic}

Logging:
Log output configuration:
 #0: stdout all=warning uptime,level,tags
 #1: stderr all=off uptime,level,tags

Environment Variables:
JAVA_HOME=E:\java
PATH=C:\Program Files (x86)\Common Files\Oracle\Java\java8path;C:\Program Files (x86)\Common Files\Oracle\Java\javapath;C:\Program Files\PlasticSCM5\server;C:\Program Files\PlasticSCM5\client;C:\WINDOWS\system32;C:\WINDOWS;C:\WINDOWS\System32\Wbem;C:\WINDOWS\System32\WindowsPowerShell\v1.0\;C:\WINDOWS\System32\OpenSSH\;C:\Program Files\Bandizip\;E:\mysql\mysql-5.7.41-winx64\bin;E:\maven\apache-maven-3.8.7\bin;E:\git\Git\cmd;E:\node\node_global\node_modules;E:node;E:\node\node_cache;E:\java\bin;E:\java\jre\bin;D:\Program Files (x86)\Tencent\web\dll;D:\Program Files\Erlang OTP\bin;D:\Program Files\apache-activemq-5.17.6\bin;D:\Program Files\zookeeper-3.3.3\bin;D:\Program Files\redis;C:\Users\23507\AppData\Local\Microsoft\WindowsApps;;E:\idea\IntelliJ IDEA Community Edition 2022.3.1\bin;;E:\vscode\Microsoft VS Code\bin;D:\fiddle\Fiddler
USERNAME=23507
OS=Windows_NT
PROCESSOR_IDENTIFIER=AMD64 Family 25 Model 80 Stepping 0, AuthenticAMD
TMP=C:\Users\23507\AppData\Local\Temp
TEMP=C:\Users\23507\AppData\Local\Temp



---------------  S Y S T E M  ---------------

OS: Windows 11 , 64 bit Build 22621 (10.0.22621.4391)
OS uptime: 0 days 14:17 hours

CPU:total 12 (initial active 12) (12 cores per cpu, 2 threads per core) family 25 model 80 stepping 0 microcode 0x0, cmov, cx8, fxsr, mmx, sse, sse2, sse3, ssse3, sse4.1, sse4.2, popcnt, avx, avx2, aes, clmul, erms, mmxext, 3dnowpref, lzcnt, sse4a, ht, tsc, tscinvbit, tscinv, bmi1, bmi2, adx, sha, fma

Memory: 4k page, system-wide physical 15681M (801M free)
TotalPageFile size 31241M (AvailPageFile size 4M)
current process WorkingSet (physical memory assigned to process): 132M, peak: 134M
current process commit charge ("private bytes"): 384M, peak: 385M

vm_info: OpenJDK 64-Bit Server VM (11.0.24+8-LTS) for windows-amd64 JRE (11.0.24+8-LTS), built on Jul  9 2024 22:03:43 by "Administrator" with MS VC++ 16.10 / 16.11 (VS2019)

END.
